<?xml version="1.0" encoding="UTF-8"?>
<testsuites>
    <testsuite name="as-a-user,-i-must-be-able-to-make-purchases-without-registering-an-account.-(payment-is-not-made-for-real);successfully-buy-products-without-having-an-account" tests="3" failures="0" skipped="3">
        <properties>
            <property name="URI" value="C:\Users\DellXPS\Desktop\systemBolaget-2019\features\purchasewithoutaccount.feature">
            </property>
        </properties>
        <testcase name="Given that I have added the product/products in the shopping cart" classname="as-a-user,-i-must-be-able-to-make-purchases-without-registering-an-account.-(payment-is-not-made-for-real);successfully-buy-products-without-having-an-account">
            <skipped message="">
            </skipped>
        </testcase>
        <testcase name="When I click on &apos;buy-without-account&apos; button" classname="as-a-user,-i-must-be-able-to-make-purchases-without-registering-an-account.-(payment-is-not-made-for-real);successfully-buy-products-without-having-an-account">
            <skipped message="">
            </skipped>
        </testcase>
        <testcase name="Then It should show me ordering page" classname="as-a-user,-i-must-be-able-to-make-purchases-without-registering-an-account.-(payment-is-not-made-for-real);successfully-buy-products-without-having-an-account">
            <skipped message="">
            </skipped>
        </testcase>
    </testsuite>
    <testsuite name="as-a-user,-i-must-be-able-to-make-purchases-without-registering-an-account.-(payment-is-not-made-for-real);successfully-buy-products-from-ordering-page" tests="4" failures="0" skipped="3">
        <properties>
            <property name="URI" value="C:\Users\DellXPS\Desktop\systemBolaget-2019\features\purchasewithoutaccount.feature">
            </property>
        </properties>
        <testcase name="Given that I am already on the ordering page" classname="as-a-user,-i-must-be-able-to-make-purchases-without-registering-an-account.-(payment-is-not-made-for-real);successfully-buy-products-from-ordering-page" time="0.000278304">
        </testcase>
        <testcase name="And I have filled up the form with correct customer detail" classname="as-a-user,-i-must-be-able-to-make-purchases-without-registering-an-account.-(payment-is-not-made-for-real);successfully-buy-products-from-ordering-page">
            <skipped message="">
            </skipped>
        </testcase>
        <testcase name="When I click on buy-button in the ordering page" classname="as-a-user,-i-must-be-able-to-make-purchases-without-registering-an-account.-(payment-is-not-made-for-real);successfully-buy-products-from-ordering-page">
            <skipped message="">
            </skipped>
        </testcase>
        <testcase name="Then It should take my order" classname="as-a-user,-i-must-be-able-to-make-purchases-without-registering-an-account.-(payment-is-not-made-for-real);successfully-buy-products-from-ordering-page">
            <skipped message="">
            </skipped>
        </testcase>
    </testsuite>
    <testsuite name="as-a-user,-i-must-be-able-to-make-purchases-without-registering-an-account.-(payment-is-not-made-for-real);unsuccessful-to-buy-products-from-ordering-page" tests="4" failures="0" skipped="3">
        <properties>
            <property name="URI" value="C:\Users\DellXPS\Desktop\systemBolaget-2019\features\purchasewithoutaccount.feature">
            </property>
        </properties>
        <testcase name="Given that I am already on the ordering page" classname="as-a-user,-i-must-be-able-to-make-purchases-without-registering-an-account.-(payment-is-not-made-for-real);unsuccessful-to-buy-products-from-ordering-page" time="0.000077768">
        </testcase>
        <testcase name="And I have filled up incorrect customer detail" classname="as-a-user,-i-must-be-able-to-make-purchases-without-registering-an-account.-(payment-is-not-made-for-real);unsuccessful-to-buy-products-from-ordering-page">
            <skipped message="">
            </skipped>
        </testcase>
        <testcase name="When I click on buy-button in the ordering page" classname="as-a-user,-i-must-be-able-to-make-purchases-without-registering-an-account.-(payment-is-not-made-for-real);unsuccessful-to-buy-products-from-ordering-page">
            <skipped message="">
            </skipped>
        </testcase>
        <testcase name="Then It should show me error that information given by you is incorrect" classname="as-a-user,-i-must-be-able-to-make-purchases-without-registering-an-account.-(payment-is-not-made-for-real);unsuccessful-to-buy-products-from-ordering-page">
            <skipped message="">
            </skipped>
        </testcase>
    </testsuite>
    <testsuite name="as-a-user,-i-must-be-able-to-make-purchases-without-registering-an-account.-(payment-is-not-made-for-real);unsuccessful-to-buy-products-from-ordering-page" tests="4" failures="0" skipped="3">
        <properties>
            <property name="URI" value="C:\Users\DellXPS\Desktop\systemBolaget-2019\features\purchasewithoutaccount.feature">
            </property>
        </properties>
        <testcase name="Given that I am already on the ordering page" classname="as-a-user,-i-must-be-able-to-make-purchases-without-registering-an-account.-(payment-is-not-made-for-real);unsuccessful-to-buy-products-from-ordering-page" time="0.00005645">
        </testcase>
        <testcase name="And I have filled up incomplete customer detail" classname="as-a-user,-i-must-be-able-to-make-purchases-without-registering-an-account.-(payment-is-not-made-for-real);unsuccessful-to-buy-products-from-ordering-page">
            <skipped message="">
            </skipped>
        </testcase>
        <testcase name="When I click on buy-button in the ordering page" classname="as-a-user,-i-must-be-able-to-make-purchases-without-registering-an-account.-(payment-is-not-made-for-real);unsuccessful-to-buy-products-from-ordering-page">
            <skipped message="">
            </skipped>
        </testcase>
        <testcase name="Then It should show me error that information given by you is incomplete" classname="as-a-user,-i-must-be-able-to-make-purchases-without-registering-an-account.-(payment-is-not-made-for-real);unsuccessful-to-buy-products-from-ordering-page">
            <skipped message="">
            </skipped>
        </testcase>
    </testsuite>
</testsuites>