<?xml version="1.0" encoding="UTF-8"?>
<testsuites>
    <testsuite name="as-a-user,-i-should-be-able-to-select-different-quantities-of-a-product-to-my-shopping-cart-to-have-control-on-my-shopping.;successfully-add-1-quantity-of-the-same-product-to-the-cart." tests="4" failures="0" skipped="4">
        <properties>
            <property name="URI" value="C:\Users\DellXPS\Desktop\systemBolaget-2019\features\differentquantities.feature">
            </property>
        </properties>
        <testcase name="Given the product is available in the shop" classname="as-a-user,-i-should-be-able-to-select-different-quantities-of-a-product-to-my-shopping-cart-to-have-control-on-my-shopping.;successfully-add-1-quantity-of-the-same-product-to-the-cart.">
            <skipped message="">
            </skipped>
        </testcase>
        <testcase name="And I type 1 into text box" classname="as-a-user,-i-should-be-able-to-select-different-quantities-of-a-product-to-my-shopping-cart-to-have-control-on-my-shopping.;successfully-add-1-quantity-of-the-same-product-to-the-cart.">
            <skipped message="">
            </skipped>
        </testcase>
        <testcase name="When i press enter button" classname="as-a-user,-i-should-be-able-to-select-different-quantities-of-a-product-to-my-shopping-cart-to-have-control-on-my-shopping.;successfully-add-1-quantity-of-the-same-product-to-the-cart.">
            <skipped message="">
            </skipped>
        </testcase>
        <testcase name="Then it should be added 1 unit to the cart of the same product" classname="as-a-user,-i-should-be-able-to-select-different-quantities-of-a-product-to-my-shopping-cart-to-have-control-on-my-shopping.;successfully-add-1-quantity-of-the-same-product-to-the-cart.">
            <skipped message="">
            </skipped>
        </testcase>
    </testsuite>
    <testsuite name="as-a-user,-i-should-be-able-to-select-different-quantities-of-a-product-to-my-shopping-cart-to-have-control-on-my-shopping.;successfully-add-atleast-2-quantities-of-the-same-product-to-the-cart." tests="4" failures="0" skipped="4">
        <properties>
            <property name="URI" value="C:\Users\DellXPS\Desktop\systemBolaget-2019\features\differentquantities.feature">
            </property>
        </properties>
        <testcase name="Given the product is available in the shop" classname="as-a-user,-i-should-be-able-to-select-different-quantities-of-a-product-to-my-shopping-cart-to-have-control-on-my-shopping.;successfully-add-atleast-2-quantities-of-the-same-product-to-the-cart.">
            <skipped message="">
            </skipped>
        </testcase>
        <testcase name="And I type 2 or more units in the text box" classname="as-a-user,-i-should-be-able-to-select-different-quantities-of-a-product-to-my-shopping-cart-to-have-control-on-my-shopping.;successfully-add-atleast-2-quantities-of-the-same-product-to-the-cart.">
            <skipped message="">
            </skipped>
        </testcase>
        <testcase name="When i press enter button" classname="as-a-user,-i-should-be-able-to-select-different-quantities-of-a-product-to-my-shopping-cart-to-have-control-on-my-shopping.;successfully-add-atleast-2-quantities-of-the-same-product-to-the-cart.">
            <skipped message="">
            </skipped>
        </testcase>
        <testcase name="Then it should be added 2 units to the cart of the same product" classname="as-a-user,-i-should-be-able-to-select-different-quantities-of-a-product-to-my-shopping-cart-to-have-control-on-my-shopping.;successfully-add-atleast-2-quantities-of-the-same-product-to-the-cart.">
            <skipped message="">
            </skipped>
        </testcase>
    </testsuite>
    <testsuite name="as-a-user,-i-should-be-able-to-select-different-quantities-of-a-product-to-my-shopping-cart-to-have-control-on-my-shopping.;successfully-add-different-quantities-of-the-different-products-to-the-cart." tests="4" failures="0" skipped="4">
        <properties>
            <property name="URI" value="C:\Users\DellXPS\Desktop\systemBolaget-2019\features\differentquantities.feature">
            </property>
        </properties>
        <testcase name="Given the different products are available in the shop" classname="as-a-user,-i-should-be-able-to-select-different-quantities-of-a-product-to-my-shopping-cart-to-have-control-on-my-shopping.;successfully-add-different-quantities-of-the-different-products-to-the-cart.">
            <skipped message="">
            </skipped>
        </testcase>
        <testcase name="And I type different units into the text box for different products" classname="as-a-user,-i-should-be-able-to-select-different-quantities-of-a-product-to-my-shopping-cart-to-have-control-on-my-shopping.;successfully-add-different-quantities-of-the-different-products-to-the-cart.">
            <skipped message="">
            </skipped>
        </testcase>
        <testcase name="When i press enter button" classname="as-a-user,-i-should-be-able-to-select-different-quantities-of-a-product-to-my-shopping-cart-to-have-control-on-my-shopping.;successfully-add-different-quantities-of-the-different-products-to-the-cart.">
            <skipped message="">
            </skipped>
        </testcase>
        <testcase name="Then it should be added different units to the cart of the different products" classname="as-a-user,-i-should-be-able-to-select-different-quantities-of-a-product-to-my-shopping-cart-to-have-control-on-my-shopping.;successfully-add-different-quantities-of-the-different-products-to-the-cart.">
            <skipped message="">
            </skipped>
        </testcase>
    </testsuite>
</testsuites>