<?xml version="1.0" encoding="UTF-8"?>
<testsuites>
    <testsuite name="as-a-user,-i-should-be-able-to-search-for-a-product-so-that-i-can-find-it-easily.;successfully-search-for-products-by-properties." tests="3" failures="0" skipped="2">
        <properties>
            <property name="URI" value="C:\Users\shiji\Desktop\systemBolaget-2019\features\searchforproduct.feature">
            </property>
        </properties>
        <testcase name="Given that i am searching by a partial or full name." classname="as-a-user,-i-should-be-able-to-search-for-a-product-so-that-i-can-find-it-easily.;successfully-search-for-products-by-properties." time="0.579531799">
        </testcase>
        <testcase name="When I search for names or partial names that exist" classname="as-a-user,-i-should-be-able-to-search-for-a-product-so-that-i-can-find-it-easily.;successfully-search-for-products-by-properties.">
            <skipped message="">
            </skipped>
        </testcase>
        <testcase name="Then i should get a list of products with names that matches the properties" classname="as-a-user,-i-should-be-able-to-search-for-a-product-so-that-i-can-find-it-easily.;successfully-search-for-products-by-properties.">
            <skipped message="">
            </skipped>
        </testcase>
    </testsuite>
    <testsuite name="as-a-user,-i-should-be-able-to-search-for-a-product-so-that-i-can-find-it-easily.;unsuccessfully-search-for-products-by-properties." tests="3" failures="0" skipped="2">
        <properties>
            <property name="URI" value="C:\Users\shiji\Desktop\systemBolaget-2019\features\searchforproduct.feature">
            </property>
        </properties>
        <testcase name="Given that i am searching by a partial or full name." classname="as-a-user,-i-should-be-able-to-search-for-a-product-so-that-i-can-find-it-easily.;unsuccessfully-search-for-products-by-properties." time="0.4429898">
        </testcase>
        <testcase name="When I search for names or partial names that does not exist" classname="as-a-user,-i-should-be-able-to-search-for-a-product-so-that-i-can-find-it-easily.;unsuccessfully-search-for-products-by-properties.">
            <skipped message="">
            </skipped>
        </testcase>
        <testcase name="Then i should get no products found back" classname="as-a-user,-i-should-be-able-to-search-for-a-product-so-that-i-can-find-it-easily.;unsuccessfully-search-for-products-by-properties.">
            <skipped message="">
            </skipped>
        </testcase>
    </testsuite>
</testsuites>