<?xml version="1.0" encoding="UTF-8"?>
<testsuites>
<<<<<<< Updated upstream
    <testsuite name="as-a-user,-i-must-be-able-to-make-purchases-without-registering-an-account.-(payment-is-not-made-for-real);successfully-come-to-ordering-page" tests="3" failures="0" skipped="3">
        <properties>
            <property name="URI" value="C:\Users\DellXPS\Desktop\systemBolaget-2019\features\purchasewithoutreg.feature">
            </property>
        </properties>
        <testcase name="Given that I have added the product in the shopping cart" classname="as-a-user,-i-must-be-able-to-make-purchases-without-registering-an-account.-(payment-is-not-made-for-real);successfully-come-to-ordering-page">
=======
    <testsuite name="as-a-user,-i-should-be-able-to-add-the-selected-product-into-the-shopping-cart-to-be-able-to-buy-the-product;successfully-add-a-product-to-the-cart." tests="3" failures="0" skipped="3">
        <properties>
            <property name="URI" value="C:\Users\Dindator\Desktop\systemBolaget-2019_New\systemBolaget-2019\features\addtocart.feature">
            </property>
        </properties>
        <testcase name="Given that a product is available in the shop" classname="as-a-user,-i-should-be-able-to-add-the-selected-product-into-the-shopping-cart-to-be-able-to-buy-the-product;successfully-add-a-product-to-the-cart.">
>>>>>>> Stashed changes
            <skipped message="">
            </skipped>
        </testcase>
        <testcase name="When I buy the products" classname="as-a-user,-i-must-be-able-to-make-purchases-without-registering-an-account.-(payment-is-not-made-for-real);successfully-come-to-ordering-page">
            <skipped message="">
            </skipped>
        </testcase>
        <testcase name="Then I should come to the ordering page" classname="as-a-user,-i-must-be-able-to-make-purchases-without-registering-an-account.-(payment-is-not-made-for-real);successfully-come-to-ordering-page">
            <skipped message="">
            </skipped>
        </testcase>
    </testsuite>
    <testsuite name="as-a-user,-i-must-be-able-to-make-purchases-without-registering-an-account.-(payment-is-not-made-for-real);successfully-buy-a-product-without-having-an-account" tests="4" failures="0" skipped="4">
        <properties>
<<<<<<< Updated upstream
            <property name="URI" value="C:\Users\DellXPS\Desktop\systemBolaget-2019\features\purchasewithoutreg.feature">
=======
            <property name="URI" value="C:\Users\Dindator\Desktop\systemBolaget-2019_New\systemBolaget-2019\features\addtocart.feature">
>>>>>>> Stashed changes
            </property>
        </properties>
        <testcase name="Given that I am already on the ordering page" classname="as-a-user,-i-must-be-able-to-make-purchases-without-registering-an-account.-(payment-is-not-made-for-real);successfully-buy-a-product-without-having-an-account">
            <skipped message="">
            </skipped>
        </testcase>
<<<<<<< Updated upstream
        <testcase name="When I fill up the ordering page" classname="as-a-user,-i-must-be-able-to-make-purchases-without-registering-an-account.-(payment-is-not-made-for-real);successfully-buy-a-product-without-having-an-account">
=======
        <testcase name="Then the two different products should be added to the cart" classname="as-a-user,-i-should-be-able-to-add-the-selected-product-into-the-shopping-cart-to-be-able-to-buy-the-product;successfully-add-at-least-two-different-products-to-the-cart.">
            <skipped message="">
            </skipped>
        </testcase>
    </testsuite>
    <testsuite name="as-a-user,-i-should-be-able-to-add-the-selected-product-into-the-shopping-cart-to-be-able-to-buy-the-product;out-of-products" tests="3" failures="0" skipped="3">
        <properties>
            <property name="URI" value="C:\Users\Dindator\Desktop\systemBolaget-2019_New\systemBolaget-2019\features\addtocart.feature">
            </property>
        </properties>
        <testcase name="Given that there is a product that is out of stock" classname="as-a-user,-i-should-be-able-to-add-the-selected-product-into-the-shopping-cart-to-be-able-to-buy-the-product;out-of-products">
>>>>>>> Stashed changes
            <skipped message="">
            </skipped>
        </testcase>
        <testcase name="And I buy the products by &apos;without registration&apos;" classname="as-a-user,-i-must-be-able-to-make-purchases-without-registering-an-account.-(payment-is-not-made-for-real);successfully-buy-a-product-without-having-an-account">
            <skipped message="">
            </skipped>
        </testcase>
        <testcase name="Then It should confirm me product is ordered" classname="as-a-user,-i-must-be-able-to-make-purchases-without-registering-an-account.-(payment-is-not-made-for-real);successfully-buy-a-product-without-having-an-account">
            <skipped message="">
            </skipped>
        </testcase>
    </testsuite>
</testsuites>