<?xml version="1.0" encoding="UTF-8"?>
<testsuites>
    <testsuite name="as-a-user,-i-should-be-able-to-register-my-account-into-the-localhost-to-by-product-from-systembolaget.;successfully--register-the-account" tests="4" failures="0" skipped="0">
        <properties>
            <property name="URI" value="C:\Users\Dindator\Desktop\systemBolaget-2019\features\Registrationform.feature">
            </property>
        </properties>
        <testcase name="Given that I am in registration page" classname="as-a-user,-i-should-be-able-to-register-my-account-into-the-localhost-to-by-product-from-systembolaget.;successfully--register-the-account" time="0.116688213">
        </testcase>
        <testcase name="When i input my name  in textbox" classname="as-a-user,-i-should-be-able-to-register-my-account-into-the-localhost-to-by-product-from-systembolaget.;successfully--register-the-account" time="0.119381334">
        </testcase>
        <testcase name="When I  input  my password on textbox" classname="as-a-user,-i-should-be-able-to-register-my-account-into-the-localhost-to-by-product-from-systembolaget.;successfully--register-the-account" time="0.07506304">
        </testcase>
        <testcase name="Then it should be signup Successfully" classname="as-a-user,-i-should-be-able-to-register-my-account-into-the-localhost-to-by-product-from-systembolaget.;successfully--register-the-account" time="1.156340053">
        </testcase>
    </testsuite>
    <testsuite name="as-a-user,-i-should-be-able-to-register-my-account-into-the-localhost-to-by-product-from-systembolaget.;unsuccessfully-register-the-account-." tests="4" failures="0" skipped="0">
        <properties>
            <property name="URI" value="C:\Users\Dindator\Desktop\systemBolaget-2019\features\Registrationform.feature">
            </property>
        </properties>
        <testcase name="Given that I am in registration page" classname="as-a-user,-i-should-be-able-to-register-my-account-into-the-localhost-to-by-product-from-systembolaget.;unsuccessfully-register-the-account-." time="0.1335744">
        </testcase>
        <testcase name="When i input same username  in textbox" classname="as-a-user,-i-should-be-able-to-register-my-account-into-the-localhost-to-by-product-from-systembolaget.;unsuccessfully-register-the-account-." time="0.11231104">
        </testcase>
        <testcase name="When i input same password  in textbox" classname="as-a-user,-i-should-be-able-to-register-my-account-into-the-localhost-to-by-product-from-systembolaget.;unsuccessfully-register-the-account-." time="0.092041387">
        </testcase>
        <testcase name="Then It should be signup unSuccessfully" classname="as-a-user,-i-should-be-able-to-register-my-account-into-the-localhost-to-by-product-from-systembolaget.;unsuccessfully-register-the-account-." time="1.665790294">
        </testcase>
    </testsuite>
</testsuites>