<?xml version="1.0" encoding="UTF-8"?>
<testsuites>
    <testsuite name="as-a-user,-i-should-be-able-to-add-the-selected-product-into-the-shopping-cart-to-be-able-to-buy-the-product;successfully-add-one-product-to-the-cart" tests="3" failures="0" skipped="1">
        <properties>
            <property name="URI" value="C:\Users\Dindator\Desktop\systemBolaget-2019\systemBolaget-2019\features\addtocart.feature">
            </property>
        </properties>
        <testcase name="Given that the products are available in the store" classname="as-a-user,-i-should-be-able-to-add-the-selected-product-into-the-shopping-cart-to-be-able-to-buy-the-product;successfully-add-one-product-to-the-cart">
        </testcase>
        <testcase name="When I add one product to the cart" classname="as-a-user,-i-should-be-able-to-add-the-selected-product-into-the-shopping-cart-to-be-able-to-buy-the-product;successfully-add-one-product-to-the-cart">
        </testcase>
        <testcase name="Then i should see the product in the cart" classname="as-a-user,-i-should-be-able-to-add-the-selected-product-into-the-shopping-cart-to-be-able-to-buy-the-product;successfully-add-one-product-to-the-cart">
            <skipped message="">
            </skipped>
        </testcase>
    </testsuite>
    <testsuite name="as-a-user,-i-should-be-able-to-add-the-selected-product-into-the-shopping-cart-to-be-able-to-buy-the-product;successfully-add-at-least-two-different-products-to-the-cart" tests="4" failures="0" skipped="2">
        <properties>
            <property name="URI" value="C:\Users\Dindator\Desktop\systemBolaget-2019\systemBolaget-2019\features\addtocart.feature">
            </property>
        </properties>
        <testcase name="Given that the products are available in the store" classname="as-a-user,-i-should-be-able-to-add-the-selected-product-into-the-shopping-cart-to-be-able-to-buy-the-product;successfully-add-at-least-two-different-products-to-the-cart">
        </testcase>
        <testcase name="When I add one product to the cart" classname="as-a-user,-i-should-be-able-to-add-the-selected-product-into-the-shopping-cart-to-be-able-to-buy-the-product;successfully-add-at-least-two-different-products-to-the-cart">
        </testcase>
        <testcase name="And I add one other product to the cart" classname="as-a-user,-i-should-be-able-to-add-the-selected-product-into-the-shopping-cart-to-be-able-to-buy-the-product;successfully-add-at-least-two-different-products-to-the-cart">
            <skipped message="">
            </skipped>
        </testcase>
        <testcase name="Then I should see the products in the cart" classname="as-a-user,-i-should-be-able-to-add-the-selected-product-into-the-shopping-cart-to-be-able-to-buy-the-product;successfully-add-at-least-two-different-products-to-the-cart">
            <skipped message="">
            </skipped>
        </testcase>
    </testsuite>
    <testsuite name="as-a-user,-i-should-be-able-to-add-the-selected-product-into-the-shopping-cart-to-be-able-to-buy-the-product;out-of-products" tests="3" failures="0" skipped="2">
        <properties>
            <property name="URI" value="C:\Users\Dindator\Desktop\systemBolaget-2019\systemBolaget-2019\features\addtocart.feature">
            </property>
        </properties>
        <testcase name="Given that the products are available in the store" classname="as-a-user,-i-should-be-able-to-add-the-selected-product-into-the-shopping-cart-to-be-able-to-buy-the-product;out-of-products">
        </testcase>
        <testcase name="Given I add one product that is out of stock to the cart" classname="as-a-user,-i-should-be-able-to-add-the-selected-product-into-the-shopping-cart-to-be-able-to-buy-the-product;out-of-products">
            <skipped message="">
            </skipped>
        </testcase>
        <testcase name="Then the page should show a message" classname="as-a-user,-i-should-be-able-to-add-the-selected-product-into-the-shopping-cart-to-be-able-to-buy-the-product;out-of-products">
            <skipped message="">
            </skipped>
        </testcase>
    </testsuite>
</testsuites>