<?xml version="1.0" encoding="UTF-8"?>
<testsuites>
    <testsuite name="as-a-user,-i-should-be-able-to-adjust-the-quantity-of-a-product-anytime-to-fulfill-my-needs.;successfully-decrease-of-the-same-product-in-the-shopping-cart" tests="3" failures="0" skipped="0">
        <properties>
            <property name="URI" value="C:\Users\sergejs.sulziks\Documents\TH\SystemBolaget2019New2\systemBolaget-2019\features\adjustquantity.feature">
            </property>
        </properties>
        <testcase name="Given the product is already in the shopping cart" classname="as-a-user,-i-should-be-able-to-adjust-the-quantity-of-a-product-anytime-to-fulfill-my-needs.;successfully-decrease-of-the-same-product-in-the-shopping-cart" time="0.000522949">
        </testcase>
        <testcase name="When i press the minus button" classname="as-a-user,-i-should-be-able-to-adjust-the-quantity-of-a-product-anytime-to-fulfill-my-needs.;successfully-decrease-of-the-same-product-in-the-shopping-cart" time="0.000135551">
        </testcase>
        <testcase name="Then it should decrease one product from the cart" classname="as-a-user,-i-should-be-able-to-adjust-the-quantity-of-a-product-anytime-to-fulfill-my-needs.;successfully-decrease-of-the-same-product-in-the-shopping-cart" time="0.000125734">
        </testcase>
    </testsuite>
    <testsuite name="as-a-user,-i-should-be-able-to-adjust-the-quantity-of-a-product-anytime-to-fulfill-my-needs.;successfully-increase-of-the-same-product-in-the-shopping-cart" tests="3" failures="0" skipped="0">
        <properties>
            <property name="URI" value="C:\Users\sergejs.sulziks\Documents\TH\SystemBolaget2019New2\systemBolaget-2019\features\adjustquantity.feature">
            </property>
        </properties>
        <testcase name="Given the product is already in the shopping cart" classname="as-a-user,-i-should-be-able-to-adjust-the-quantity-of-a-product-anytime-to-fulfill-my-needs.;successfully-increase-of-the-same-product-in-the-shopping-cart" time="0.000171044">
        </testcase>
        <testcase name="When I increase the quantity for that product by one" classname="as-a-user,-i-should-be-able-to-adjust-the-quantity-of-a-product-anytime-to-fulfill-my-needs.;successfully-increase-of-the-same-product-in-the-shopping-cart" time="0.000261286">
        </testcase>
        <testcase name="Then it should increase one product into the cart" classname="as-a-user,-i-should-be-able-to-adjust-the-quantity-of-a-product-anytime-to-fulfill-my-needs.;successfully-increase-of-the-same-product-in-the-shopping-cart" time="0.000337557">
        </testcase>
    </testsuite>
    <testsuite name="as-a-user,-i-should-be-able-to-adjust-the-quantity-of-a-product-anytime-to-fulfill-my-needs.;successfully-decrease-of-the-same-product-in-the-shopping-cart" tests="3" failures="0" skipped="0">
        <properties>
            <property name="URI" value="C:\Users\sergejs.sulziks\Documents\TH\SystemBolaget2019New2\systemBolaget-2019\features\adjustquantity.feature">
            </property>
        </properties>
        <testcase name="Given the product is already in the shopping cart" classname="as-a-user,-i-should-be-able-to-adjust-the-quantity-of-a-product-anytime-to-fulfill-my-needs.;successfully-decrease-of-the-same-product-in-the-shopping-cart" time="0.000148389">
        </testcase>
        <testcase name="When i decrease the quantity for that product by one" classname="as-a-user,-i-should-be-able-to-adjust-the-quantity-of-a-product-anytime-to-fulfill-my-needs.;successfully-decrease-of-the-same-product-in-the-shopping-cart" time="0.000265439">
        </testcase>
        <testcase name="Then it should decrease one product from the cart" classname="as-a-user,-i-should-be-able-to-adjust-the-quantity-of-a-product-anytime-to-fulfill-my-needs.;successfully-decrease-of-the-same-product-in-the-shopping-cart" time="0.000119315">
        </testcase>
    </testsuite>
    <testsuite name="as-a-user,-i-should-be-able-to-adjust-the-quantity-of-a-product-anytime-to-fulfill-my-needs.;successfully-adjust-amount-of-products-in-the-shopping-cart" tests="3" failures="0" skipped="0">
        <properties>
            <property name="URI" value="C:\Users\sergejs.sulziks\Documents\TH\SystemBolaget2019New2\systemBolaget-2019\features\adjustquantity.feature">
            </property>
        </properties>
        <testcase name="Given the product is already in the shopping cart" classname="as-a-user,-i-should-be-able-to-adjust-the-quantity-of-a-product-anytime-to-fulfill-my-needs.;successfully-adjust-amount-of-products-in-the-shopping-cart" time="0.000202006">
        </testcase>
        <testcase name="When i type into textbox the amount of products" classname="as-a-user,-i-should-be-able-to-adjust-the-quantity-of-a-product-anytime-to-fulfill-my-needs.;successfully-adjust-amount-of-products-in-the-shopping-cart" time="0.000254867">
        </testcase>
        <testcase name="Then it should add as many products to the cart" classname="as-a-user,-i-should-be-able-to-adjust-the-quantity-of-a-product-anytime-to-fulfill-my-needs.;successfully-adjust-amount-of-products-in-the-shopping-cart" time="0.000308106">
        </testcase>
    </testsuite>
    <testsuite name="as-a-user,-i-should-be-able-to-adjust-the-quantity-of-a-product-anytime-to-fulfill-my-needs.;the-quantity-of-the-product-can-never-go-below-one-if-it-does-it-is-removed" tests="3" failures="0" skipped="0">
        <properties>
            <property name="URI" value="C:\Users\sergejs.sulziks\Documents\TH\SystemBolaget2019New2\systemBolaget-2019\features\adjustquantity.feature">
            </property>
        </properties>
        <testcase name="Given that there is already one product in the shopping cart" classname="as-a-user,-i-should-be-able-to-adjust-the-quantity-of-a-product-anytime-to-fulfill-my-needs.;the-quantity-of-the-product-can-never-go-below-one-if-it-does-it-is-removed" time="0.000492365">
        </testcase>
        <testcase name="When i decrease the quantity of that product by one" classname="as-a-user,-i-should-be-able-to-adjust-the-quantity-of-a-product-anytime-to-fulfill-my-needs.;the-quantity-of-the-product-can-never-go-below-one-if-it-does-it-is-removed" time="0.000375693">
        </testcase>
        <testcase name="Then the product should be removed from the cart" classname="as-a-user,-i-should-be-able-to-adjust-the-quantity-of-a-product-anytime-to-fulfill-my-needs.;the-quantity-of-the-product-can-never-go-below-one-if-it-does-it-is-removed" time="0.00024958">
        </testcase>
    </testsuite>
</testsuites>