<?xml version="1.0" encoding="UTF-8"?>
<testsuites>
    <testsuite name="as-a-user,-i-should-be-able-to-remove-a-product-from-my-shopping-cart.;successfully-remove-a-product-from-the-shopping-cart" tests="3" failures="1" skipped="2">
        <properties>
            <property name="URI" value="C:\Users\Emilb\Desktop\systemBolaget-2019\features\removeproduct.feature">
            </property>
        </properties>
        <testcase name="Given that product is already in the shopping cart" classname="as-a-user,-i-should-be-able-to-remove-a-product-from-my-shopping-cart.;successfully-remove-a-product-from-the-shopping-cart" time="49.403559528">
            <failure message="function timed out after 15000 milliseconds">function timed out after 15000 milliseconds</failure>
        </testcase>
        <testcase name="When I click on the remove button in the shopping cart" classname="as-a-user,-i-should-be-able-to-remove-a-product-from-my-shopping-cart.;successfully-remove-a-product-from-the-shopping-cart">
            <skipped message="">
            </skipped>
        </testcase>
        <testcase name="Then It should be removed from the shopping cart" classname="as-a-user,-i-should-be-able-to-remove-a-product-from-my-shopping-cart.;successfully-remove-a-product-from-the-shopping-cart">
            <skipped message="">
            </skipped>
        </testcase>
    </testsuite>
    <testsuite name="as-a-user,-i-should-be-able-to-remove-a-product-from-my-shopping-cart.;successfully-remove-several-different-products-from-the-shopping-cart" tests="3" failures="0" skipped="3">
        <properties>
            <property name="URI" value="C:\Users\Emilb\Desktop\systemBolaget-2019\features\removeproduct.feature">
            </property>
        </properties>
        <testcase name="Given that there are several different products in the shopping cart" classname="as-a-user,-i-should-be-able-to-remove-a-product-from-my-shopping-cart.;successfully-remove-several-different-products-from-the-shopping-cart">
            <skipped message="">
            </skipped>
        </testcase>
        <testcase name="When I click on remove-button for each product" classname="as-a-user,-i-should-be-able-to-remove-a-product-from-my-shopping-cart.;successfully-remove-several-different-products-from-the-shopping-cart">
            <skipped message="">
            </skipped>
        </testcase>
        <testcase name="Then products should be removed from the shopping cart" classname="as-a-user,-i-should-be-able-to-remove-a-product-from-my-shopping-cart.;successfully-remove-several-different-products-from-the-shopping-cart">
            <skipped message="">
            </skipped>
        </testcase>
    </testsuite>
</testsuites>