<?xml version="1.0" encoding="UTF-8"?>
<testsuites>
    <testsuite name="as-a-user,-i-must-be-able-to-make-purchases-without-registering-an-account.-(payment-is-not-made-for-real);successfully-buy-products-without-having-an-account" tests="4" failures="0" skipped="0">
        <properties>
            <property name="URI" value="C:\Users\Dindator\Desktop\systemBolaget-2019\features\purchasewithoutaccount.feature">
            </property>
        </properties>
        <testcase name="Given that I am on the web page localhost:3306/cart.html" classname="as-a-user,-i-must-be-able-to-make-purchases-without-registering-an-account.-(payment-is-not-made-for-real);successfully-buy-products-without-having-an-account" time="1.38984192">
        </testcase>
        <testcase name="When I click on checkout button" classname="as-a-user,-i-must-be-able-to-make-purchases-without-registering-an-account.-(payment-is-not-made-for-real);successfully-buy-products-without-having-an-account" time="0.442509227">
        </testcase>
        <testcase name="And I filled the form with customer detail" classname="as-a-user,-i-must-be-able-to-make-purchases-without-registering-an-account.-(payment-is-not-made-for-real);successfully-buy-products-without-having-an-account" time="6.977574827">
        </testcase>
        <testcase name="Then It should show me ordering page" classname="as-a-user,-i-must-be-able-to-make-purchases-without-registering-an-account.-(payment-is-not-made-for-real);successfully-buy-products-without-having-an-account" time="1.227815253">
        </testcase>
    </testsuite>
    <testsuite name="as-a-user,-i-must-be-able-to-make-purchases-without-registering-an-account.-(payment-is-not-made-for-real);successfully-buy-one-product" tests="6" failures="0" skipped="0">
        <properties>
            <property name="URI" value="C:\Users\Dindator\Desktop\systemBolaget-2019\features\purchasewithoutaccount.feature">
            </property>
        </properties>
        <testcase name="Given that I am on the web page localhost:3306/cart.html" classname="as-a-user,-i-must-be-able-to-make-purchases-without-registering-an-account.-(payment-is-not-made-for-real);successfully-buy-one-product" time="1.417471147">
        </testcase>
        <testcase name="When there is one product in the cart" classname="as-a-user,-i-must-be-able-to-make-purchases-without-registering-an-account.-(payment-is-not-made-for-real);successfully-buy-one-product" time="2.782303573">
        </testcase>
        <testcase name="When I click on checkout button" classname="as-a-user,-i-must-be-able-to-make-purchases-without-registering-an-account.-(payment-is-not-made-for-real);successfully-buy-one-product" time="0.295158187">
        </testcase>
        <testcase name="And I filled the form with customer detail" classname="as-a-user,-i-must-be-able-to-make-purchases-without-registering-an-account.-(payment-is-not-made-for-real);successfully-buy-one-product" time="6.989724587">
        </testcase>
        <testcase name="And I click on order button" classname="as-a-user,-i-must-be-able-to-make-purchases-without-registering-an-account.-(payment-is-not-made-for-real);successfully-buy-one-product" time="0.262267733">
        </testcase>
        <testcase name="Then It should show me ordering page" classname="as-a-user,-i-must-be-able-to-make-purchases-without-registering-an-account.-(payment-is-not-made-for-real);successfully-buy-one-product" time="1.21470336">
        </testcase>
    </testsuite>
    <testsuite name="as-a-user,-i-must-be-able-to-make-purchases-without-registering-an-account.-(payment-is-not-made-for-real);successfully-buy-differtent-products" tests="6" failures="0" skipped="0">
        <properties>
            <property name="URI" value="C:\Users\Dindator\Desktop\systemBolaget-2019\features\purchasewithoutaccount.feature">
            </property>
        </properties>
        <testcase name="Given there are two products in the cart" classname="as-a-user,-i-must-be-able-to-make-purchases-without-registering-an-account.-(payment-is-not-made-for-real);successfully-buy-differtent-products" time="1.641199787">
        </testcase>
        <testcase name="And that I am on the web page localhost:3306/cart.html" classname="as-a-user,-i-must-be-able-to-make-purchases-without-registering-an-account.-(payment-is-not-made-for-real);successfully-buy-differtent-products" time="1.378003627">
        </testcase>
        <testcase name="When I click on checkout button" classname="as-a-user,-i-must-be-able-to-make-purchases-without-registering-an-account.-(payment-is-not-made-for-real);successfully-buy-differtent-products" time="0.30764544">
        </testcase>
        <testcase name="And I filled the form with customer detail" classname="as-a-user,-i-must-be-able-to-make-purchases-without-registering-an-account.-(payment-is-not-made-for-real);successfully-buy-differtent-products" time="6.986375253">
        </testcase>
        <testcase name="And I click on order button" classname="as-a-user,-i-must-be-able-to-make-purchases-without-registering-an-account.-(payment-is-not-made-for-real);successfully-buy-differtent-products" time="0.30204032">
        </testcase>
        <testcase name="Then It should show me ordering page" classname="as-a-user,-i-must-be-able-to-make-purchases-without-registering-an-account.-(payment-is-not-made-for-real);successfully-buy-differtent-products" time="1.2558912">
        </testcase>
    </testsuite>
</testsuites>