<?xml version="1.0" encoding="UTF-8"?>
<testsuites>
    <testsuite name="as-a-user,-i-should-be-able-to-shut-down-the-browser-and-reopen-it-with-the-same-shopping-cart.;successfully-be-able-to-reopen-with-the-same-shopping-cart-even-if-browser-is-shut-down" tests="4" failures="0" skipped="0">
        <properties>
            <property name="URI" value="C:\Users\sergejs.sulziks\Documents\TH\SystemBolaget2019New2\systemBolaget-2019\features\shutbrowser.feature">
            </property>
        </properties>
        <testcase name="Given that I already have products in my cart" classname="as-a-user,-i-should-be-able-to-shut-down-the-browser-and-reopen-it-with-the-same-shopping-cart.;successfully-be-able-to-reopen-with-the-same-shopping-cart-even-if-browser-is-shut-down" time="0.000541451">
        </testcase>
        <testcase name="When I close my browser" classname="as-a-user,-i-should-be-able-to-shut-down-the-browser-and-reopen-it-with-the-same-shopping-cart.;successfully-be-able-to-reopen-with-the-same-shopping-cart-even-if-browser-is-shut-down" time="0.003784491">
        </testcase>
        <testcase name="And I reopen my browser" classname="as-a-user,-i-should-be-able-to-shut-down-the-browser-and-reopen-it-with-the-same-shopping-cart.;successfully-be-able-to-reopen-with-the-same-shopping-cart-even-if-browser-is-shut-down" time="0.000693238">
        </testcase>
        <testcase name="Then I should get the same shopping cart as previous" classname="as-a-user,-i-should-be-able-to-shut-down-the-browser-and-reopen-it-with-the-same-shopping-cart.;successfully-be-able-to-reopen-with-the-same-shopping-cart-even-if-browser-is-shut-down" time="0.000194076">
        </testcase>
    </testsuite>
    <testsuite name="as-a-user,-i-should-be-able-to-shut-down-the-browser-and-reopen-it-with-the-same-shopping-cart.;successfully-be-able-to-reopen-with-the-same-shopping-cart-even-if-i-refresh-the-browser" tests="3" failures="0" skipped="0">
        <properties>
            <property name="URI" value="C:\Users\sergejs.sulziks\Documents\TH\SystemBolaget2019New2\systemBolaget-2019\features\shutbrowser.feature">
            </property>
        </properties>
        <testcase name="Given that I already have products in my cart" classname="as-a-user,-i-should-be-able-to-shut-down-the-browser-and-reopen-it-with-the-same-shopping-cart.;successfully-be-able-to-reopen-with-the-same-shopping-cart-even-if-i-refresh-the-browser" time="0.000090241">
        </testcase>
        <testcase name="When I refresh my browser" classname="as-a-user,-i-should-be-able-to-shut-down-the-browser-and-reopen-it-with-the-same-shopping-cart.;successfully-be-able-to-reopen-with-the-same-shopping-cart-even-if-i-refresh-the-browser" time="0.000102324">
        </testcase>
        <testcase name="Then I should get the same shopping cart as previous one" classname="as-a-user,-i-should-be-able-to-shut-down-the-browser-and-reopen-it-with-the-same-shopping-cart.;successfully-be-able-to-reopen-with-the-same-shopping-cart-even-if-i-refresh-the-browser" time="0.000104589">
        </testcase>
    </testsuite>
</testsuites>