<?xml version="1.0" encoding="UTF-8"?>
<testsuites>
    <testsuite name="as-a-user,-i-should-be-able-to-remove-a-product-from-my-shopping-cart.;successfully-remove-product-from-the-shopping-cart" tests="3" failures="0" skipped="0">
        <properties>
            <property name="URI" value="C:\Users\Emilb\Desktop\SystemBolaget-2019-New\systemBolaget-2019\features\removeproduct.feature">
            </property>
        </properties>
        <testcase name="Given that product is already in the shopping cart" classname="as-a-user,-i-should-be-able-to-remove-a-product-from-my-shopping-cart.;successfully-remove-product-from-the-shopping-cart" time="0.353398496">
        </testcase>
        <testcase name="When I click on the remove button in the shopping cart" classname="as-a-user,-i-should-be-able-to-remove-a-product-from-my-shopping-cart.;successfully-remove-product-from-the-shopping-cart" time="0.000664796">
        </testcase>
        <testcase name="Then It should be removed from the shopping cart" classname="as-a-user,-i-should-be-able-to-remove-a-product-from-my-shopping-cart.;successfully-remove-product-from-the-shopping-cart" time="0.000399425">
        </testcase>
    </testsuite>
    <testsuite name="as-a-user,-i-should-be-able-to-remove-a-product-from-my-shopping-cart.;successfully-remove-two/several-products-from-the-shopping-cart" tests="3" failures="0" skipped="0">
        <properties>
            <property name="URI" value="C:\Users\Emilb\Desktop\SystemBolaget-2019-New\systemBolaget-2019\features\removeproduct.feature">
            </property>
        </properties>
        <testcase name="Given that there are two products in the shopping cart" classname="as-a-user,-i-should-be-able-to-remove-a-product-from-my-shopping-cart.;successfully-remove-two/several-products-from-the-shopping-cart" time="0.00059093">
        </testcase>
        <testcase name="When I remove the both products from the cart" classname="as-a-user,-i-should-be-able-to-remove-a-product-from-my-shopping-cart.;successfully-remove-two/several-products-from-the-shopping-cart" time="0.000626495">
        </testcase>
        <testcase name="Then the cart should not contain the products" classname="as-a-user,-i-should-be-able-to-remove-a-product-from-my-shopping-cart.;successfully-remove-two/several-products-from-the-shopping-cart" time="0.000530059">
        </testcase>
    </testsuite>
</testsuites>