<?xml version="1.0" encoding="UTF-8"?>
<testsuites>
    <testsuite name="as-a-user,-i-should-be-able-to-search-for-a-product-so-that-i-can-find-it-easily.;successfully-search-for-products-by-properties." tests="3" failures="0" skipped="0">
        <properties>
            <property name="URI" value="C:\Users\shiji\Desktop\systemBolaget-2019\features\searchforproduct.feature">
            </property>
        </properties>
        <testcase name="Given that i am on the page localhost:3306" classname="as-a-user,-i-should-be-able-to-search-for-a-product-so-that-i-can-find-it-easily.;successfully-search-for-products-by-properties." time="3.611271299">
        </testcase>
        <testcase name="When I search for &quot;pale&quot;" classname="as-a-user,-i-should-be-able-to-search-for-a-product-so-that-i-can-find-it-easily.;successfully-search-for-products-by-properties." time="5.2110316">
        </testcase>
<<<<<<< HEAD
        <testcase name="Then i should get a list of products with names that matches" classname="as-a-user,-i-should-be-able-to-search-for-a-product-so-that-i-can-find-it-easily.;successfully-search-for-products-by-properties." time="2.5568552">
=======
        <testcase name="Then I should see the product in the cart" classname="as-a-user,-i-should-be-able-to-add-the-selected-product-into-the-shopping-cart-to-be-able-to-buy.;successfully-add-a-product-to-the-cart.">
            <skipped message="">
            </skipped>
>>>>>>> master
        </testcase>
    </testsuite>
    <testsuite name="as-a-user,-i-should-be-able-to-search-for-a-product-so-that-i-can-find-it-easily.;successfully-search-for-products-by-properties." tests="3" failures="0" skipped="0">
        <properties>
            <property name="URI" value="C:\Users\shiji\Desktop\systemBolaget-2019\features\searchforproduct.feature">
            </property>
        </properties>
        <testcase name="Given that i am on the page localhost:3306" classname="as-a-user,-i-should-be-able-to-search-for-a-product-so-that-i-can-find-it-easily.;successfully-search-for-products-by-properties." time="3.608341601">
        </testcase>
        <testcase name="When I search for &quot;vin&quot;" classname="as-a-user,-i-should-be-able-to-search-for-a-product-so-that-i-can-find-it-easily.;successfully-search-for-products-by-properties." time="5.1735214">
        </testcase>
<<<<<<< HEAD
        <testcase name="Then i should get a list of products with names that matches" classname="as-a-user,-i-should-be-able-to-search-for-a-product-so-that-i-can-find-it-easily.;successfully-search-for-products-by-properties." time="2.574136899">
=======
        <testcase name="Then I should see the product in the cart" classname="as-a-user,-i-should-be-able-to-add-the-selected-product-into-the-shopping-cart-to-be-able-to-buy.;successfully-add-several-products-of-the-same-type-to-the-cart.">
            <skipped message="">
            </skipped>
        </testcase>
    </testsuite>
    <testsuite name="as-a-user,-i-should-be-able-to-add-the-selected-product-into-the-shopping-cart-to-be-able-to-buy.;successfully-add-a-product-of-different-types-to-the-cart." tests="3" failures="0" skipped="3">
        <properties>
            <property name="URI" value="C:\Users\Dindator\Desktop\systemBolaget-2019\features\addtocart.feature">
            </property>
        </properties>
        <testcase name="Given that I am on the web page localhost:3306" classname="as-a-user,-i-should-be-able-to-add-the-selected-product-into-the-shopping-cart-to-be-able-to-buy.;successfully-add-a-product-of-different-types-to-the-cart.">
            <skipped message="">
            </skipped>
        </testcase>
        <testcase name="When I click on add button" classname="as-a-user,-i-should-be-able-to-add-the-selected-product-into-the-shopping-cart-to-be-able-to-buy.;successfully-add-a-product-of-different-types-to-the-cart.">
            <skipped message="">
            </skipped>
        </testcase>
        <testcase name="Then I should see the product in the cart" classname="as-a-user,-i-should-be-able-to-add-the-selected-product-into-the-shopping-cart-to-be-able-to-buy.;successfully-add-a-product-of-different-types-to-the-cart.">
            <skipped message="">
            </skipped>
        </testcase>
    </testsuite>
    <testsuite name="as-a-user,-i-should-be-able-to-add-the-selected-product-into-the-shopping-cart-to-be-able-to-buy.;successfully-add-at-least-two-different-products-to-the-cart." tests="3" failures="0" skipped="3">
        <properties>
            <property name="URI" value="C:\Users\Dindator\Desktop\systemBolaget-2019\features\addtocart.feature">
            </property>
        </properties>
        <testcase name="Given that I am on the web page localhost:3306" classname="as-a-user,-i-should-be-able-to-add-the-selected-product-into-the-shopping-cart-to-be-able-to-buy.;successfully-add-at-least-two-different-products-to-the-cart.">
            <skipped message="">
            </skipped>
        </testcase>
        <testcase name="When I click on add button" classname="as-a-user,-i-should-be-able-to-add-the-selected-product-into-the-shopping-cart-to-be-able-to-buy.;successfully-add-at-least-two-different-products-to-the-cart.">
            <skipped message="">
            </skipped>
        </testcase>
        <testcase name="Then I should see the products in the cart" classname="as-a-user,-i-should-be-able-to-add-the-selected-product-into-the-shopping-cart-to-be-able-to-buy.;successfully-add-at-least-two-different-products-to-the-cart.">
            <skipped message="">
            </skipped>
        </testcase>
    </testsuite>
    <testsuite name="as-a-user,-i-should-be-able-to-add-the-selected-product-into-the-shopping-cart-to-be-able-to-buy.;out-of-products" tests="3" failures="0" skipped="3">
        <properties>
            <property name="URI" value="C:\Users\Dindator\Desktop\systemBolaget-2019\features\addtocart.feature">
            </property>
        </properties>
        <testcase name="Given that I am on the web page localhost:3306" classname="as-a-user,-i-should-be-able-to-add-the-selected-product-into-the-shopping-cart-to-be-able-to-buy.;out-of-products">
            <skipped message="">
            </skipped>
        </testcase>
        <testcase name="When I click to add button" classname="as-a-user,-i-should-be-able-to-add-the-selected-product-into-the-shopping-cart-to-be-able-to-buy.;out-of-products">
            <skipped message="">
            </skipped>
        </testcase>
        <testcase name="Then I should see the product in the cart" classname="as-a-user,-i-should-be-able-to-add-the-selected-product-into-the-shopping-cart-to-be-able-to-buy.;out-of-products">
            <skipped message="">
            </skipped>
>>>>>>> master
        </testcase>
    </testsuite>
</testsuites>