<?xml version="1.0" encoding="UTF-8"?>
<testsuites>
    <testsuite name="as-a-user,-i-should-be-able-to-see-an-overview-of-the-shopping-cart-/-its-contents.;successfully-overview-the-shopping-cart" tests="3" failures="0" skipped="3">
        <properties>
            <property name="URI" value="C:\Users\DellXPS\Desktop\systemBolaget-2019\features\overviewofcart.feature">
            </property>
        </properties>
        <testcase name="Given that I already have products in the cart" classname="as-a-user,-i-should-be-able-to-see-an-overview-of-the-shopping-cart-/-its-contents.;successfully-overview-the-shopping-cart">
            <skipped message="">
            </skipped>
        </testcase>
        <testcase name="When I click on cart-button" classname="as-a-user,-i-should-be-able-to-see-an-overview-of-the-shopping-cart-/-its-contents.;successfully-overview-the-shopping-cart">
            <skipped message="">
            </skipped>
        </testcase>
        <testcase name="Then I can see all the products in the cart and their details" classname="as-a-user,-i-should-be-able-to-see-an-overview-of-the-shopping-cart-/-its-contents.;successfully-overview-the-shopping-cart">
            <skipped message="">
            </skipped>
        </testcase>
    </testsuite>
    <testsuite name="as-a-user,-i-should-be-able-to-see-an-overview-of-the-shopping-cart-/-its-contents.;successfully-overview-the-total-price-of-the-products" tests="3" failures="0" skipped="3">
        <properties>
            <property name="URI" value="C:\Users\DellXPS\Desktop\systemBolaget-2019\features\overviewofcart.feature">
            </property>
        </properties>
        <testcase name="Given that I already have products in the cart" classname="as-a-user,-i-should-be-able-to-see-an-overview-of-the-shopping-cart-/-its-contents.;successfully-overview-the-total-price-of-the-products">
            <skipped message="">
            </skipped>
        </testcase>
        <testcase name="When I click on cart-button" classname="as-a-user,-i-should-be-able-to-see-an-overview-of-the-shopping-cart-/-its-contents.;successfully-overview-the-total-price-of-the-products">
            <skipped message="">
            </skipped>
        </testcase>
        <testcase name="Then I can see the total price of products in the cart" classname="as-a-user,-i-should-be-able-to-see-an-overview-of-the-shopping-cart-/-its-contents.;successfully-overview-the-total-price-of-the-products">
            <skipped message="">
            </skipped>
        </testcase>
    </testsuite>
    <testsuite name="as-a-user,-i-should-be-able-to-see-an-overview-of-the-shopping-cart-/-its-contents.;successfully-overview-the-new-total-price-of-the-products" tests="3" failures="0" skipped="3">
        <properties>
            <property name="URI" value="C:\Users\DellXPS\Desktop\systemBolaget-2019\features\overviewofcart.feature">
            </property>
        </properties>
        <testcase name="Given that I already have products in the cart" classname="as-a-user,-i-should-be-able-to-see-an-overview-of-the-shopping-cart-/-its-contents.;successfully-overview-the-new-total-price-of-the-products">
            <skipped message="">
            </skipped>
        </testcase>
        <testcase name="When I change the quantities of the products" classname="as-a-user,-i-should-be-able-to-see-an-overview-of-the-shopping-cart-/-its-contents.;successfully-overview-the-new-total-price-of-the-products">
            <skipped message="">
            </skipped>
        </testcase>
        <testcase name="Then I can see new total price of products in the cart" classname="as-a-user,-i-should-be-able-to-see-an-overview-of-the-shopping-cart-/-its-contents.;successfully-overview-the-new-total-price-of-the-products">
            <skipped message="">
            </skipped>
        </testcase>
    </testsuite>
</testsuites>