<?xml version="1.0" encoding="UTF-8"?>
<testsuites>
    <testsuite name="as-a-user,-i-should-be-able-to-add-the-selected-product-into-the-shopping-cart-to-be-able-to-buy-the-product;successfully-add-one-product-to-the-cart" tests="3" failures="0" skipped="1">
        <properties>
            <property name="URI" value="C:/Users/DellXPS/Desktop/systemBolaget-2019/features/addtocart.feature">
            </property>
        </properties>
        <testcase name="Given that the products are available in the store" classname="as-a-user,-i-should-be-able-to-add-the-selected-product-into-the-shopping-cart-to-be-able-to-buy-the-product;successfully-add-one-product-to-the-cart">
        </testcase>
        <testcase name="When I add one product to the cart" classname="as-a-user,-i-should-be-able-to-add-the-selected-product-into-the-shopping-cart-to-be-able-to-buy-the-product;successfully-add-one-product-to-the-cart">
        </testcase>
        <testcase name="Then i should see the product in the cart" classname="as-a-user,-i-should-be-able-to-add-the-selected-product-into-the-shopping-cart-to-be-able-to-buy-the-product;successfully-add-one-product-to-the-cart">
            <skipped message="">
            </skipped>
        </testcase>
    </testsuite>
    <testsuite name="as-a-user,-i-should-be-able-to-add-the-selected-product-into-the-shopping-cart-to-be-able-to-buy-the-product;successfully-add-at-least-two-different-products-to-the-cart" tests="4" failures="0" skipped="2">
        <properties>
            <property name="URI" value="C:/Users/DellXPS/Desktop/systemBolaget-2019/features/addtocart.feature">
            </property>
        </properties>
        <testcase name="Given that the products are available in the store" classname="as-a-user,-i-should-be-able-to-add-the-selected-product-into-the-shopping-cart-to-be-able-to-buy-the-product;successfully-add-at-least-two-different-products-to-the-cart">
        </testcase>
        <testcase name="When I add one product to the cart" classname="as-a-user,-i-should-be-able-to-add-the-selected-product-into-the-shopping-cart-to-be-able-to-buy-the-product;successfully-add-at-least-two-different-products-to-the-cart">
        </testcase>
        <testcase name="And I add one other product to the cart" classname="as-a-user,-i-should-be-able-to-add-the-selected-product-into-the-shopping-cart-to-be-able-to-buy-the-product;successfully-add-at-least-two-different-products-to-the-cart">
            <skipped message="">
            </skipped>
        </testcase>
        <testcase name="Then I should see the products in the cart" classname="as-a-user,-i-should-be-able-to-add-the-selected-product-into-the-shopping-cart-to-be-able-to-buy-the-product;successfully-add-at-least-two-different-products-to-the-cart">
            <skipped message="">
            </skipped>
        </testcase>
    </testsuite>
    <testsuite name="as-a-user,-i-should-be-able-to-add-the-selected-product-into-the-shopping-cart-to-be-able-to-buy-the-product;out-of-products" tests="3" failures="0" skipped="2">
        <properties>
            <property name="URI" value="C:/Users/DellXPS/Desktop/systemBolaget-2019/features/addtocart.feature">
            </property>
        </properties>
        <testcase name="Given that the products are available in the store" classname="as-a-user,-i-should-be-able-to-add-the-selected-product-into-the-shopping-cart-to-be-able-to-buy-the-product;out-of-products">
        </testcase>
        <testcase name="Given I add one product that is out of stock to the cart" classname="as-a-user,-i-should-be-able-to-add-the-selected-product-into-the-shopping-cart-to-be-able-to-buy-the-product;out-of-products">
            <skipped message="">
            </skipped>
        </testcase>
        <testcase name="Then the page should show a message" classname="as-a-user,-i-should-be-able-to-add-the-selected-product-into-the-shopping-cart-to-be-able-to-buy-the-product;out-of-products">
            <skipped message="">
            </skipped>
        </testcase>
    </testsuite>
    <testsuite name="as-a-user,-i-should-be-able-to-adjust-the-quantity-of-a-product-anytime-to-fulfill-my-needs.;successfully-decrease-of-the-same-product-in-the-shopping-cart" tests="3" failures="1" skipped="1">
        <properties>
            <property name="URI" value="C:/Users/DellXPS/Desktop/systemBolaget-2019/features/adjustquantity.feature">
            </property>
        </properties>
        <testcase name="Given the product is already in the shopping cart" classname="as-a-user,-i-should-be-able-to-adjust-the-quantity-of-a-product-anytime-to-fulfill-my-needs.;successfully-decrease-of-the-same-product-in-the-shopping-cart" time="3.318106724">
        </testcase>
        <testcase name="When i click on the minus-button" classname="as-a-user,-i-should-be-able-to-adjust-the-quantity-of-a-product-anytime-to-fulfill-my-needs.;successfully-decrease-of-the-same-product-in-the-shopping-cart" time="0.079716658">
            <failure message="TypeError: Cannot read property &apos;click&apos; of null">TypeError: Cannot read property &apos;click&apos; of null
    at createWorld.&lt;anonymous&gt; (C:\Users\DellXPS\Desktop\systemBolaget-2019\step-definitions\adjustquantity.js:16:22)
    at processTicksAndRejections (internal/process/next_tick.js:81:5)</failure>
        </testcase>
        <testcase name="Then it should decrease one product from the cart" classname="as-a-user,-i-should-be-able-to-adjust-the-quantity-of-a-product-anytime-to-fulfill-my-needs.;successfully-decrease-of-the-same-product-in-the-shopping-cart">
            <skipped message="">
            </skipped>
        </testcase>
    </testsuite>
    <testsuite name="as-a-user,-i-should-be-able-to-adjust-the-quantity-of-a-product-anytime-to-fulfill-my-needs.;successfully-increase-of-the-same-product-in-the-shopping-cart" tests="3" failures="1" skipped="1">
        <properties>
            <property name="URI" value="C:/Users/DellXPS/Desktop/systemBolaget-2019/features/adjustquantity.feature">
            </property>
        </properties>
        <testcase name="Given the product is already in the shopping cart" classname="as-a-user,-i-should-be-able-to-adjust-the-quantity-of-a-product-anytime-to-fulfill-my-needs.;successfully-increase-of-the-same-product-in-the-shopping-cart" time="3.255053594">
        </testcase>
        <testcase name="When I click on the plus-button for a product" classname="as-a-user,-i-should-be-able-to-adjust-the-quantity-of-a-product-anytime-to-fulfill-my-needs.;successfully-increase-of-the-same-product-in-the-shopping-cart" time="0.030101488">
            <failure message="TypeError: Cannot read property &apos;click&apos; of null">TypeError: Cannot read property &apos;click&apos; of null
    at createWorld.&lt;anonymous&gt; (C:\Users\DellXPS\Desktop\systemBolaget-2019\step-definitions\adjustquantity.js:39:17)
    at processTicksAndRejections (internal/process/next_tick.js:81:5)</failure>
        </testcase>
        <testcase name="Then it should increase one product into the cart" classname="as-a-user,-i-should-be-able-to-adjust-the-quantity-of-a-product-anytime-to-fulfill-my-needs.;successfully-increase-of-the-same-product-in-the-shopping-cart">
            <skipped message="">
            </skipped>
        </testcase>
    </testsuite>
    <testsuite name="as-a-user,-i-should-be-able-to-adjust-the-quantity-of-a-product-anytime-to-fulfill-my-needs.;successfully-decrease-of-the-different-product-in-the-shopping-cart" tests="3" failures="1" skipped="1">
        <properties>
            <property name="URI" value="C:/Users/DellXPS/Desktop/systemBolaget-2019/features/adjustquantity.feature">
            </property>
        </properties>
        <testcase name="Given the different products are already in the shopping cart" classname="as-a-user,-i-should-be-able-to-adjust-the-quantity-of-a-product-anytime-to-fulfill-my-needs.;successfully-decrease-of-the-different-product-in-the-shopping-cart" time="0.00023725">
        </testcase>
        <testcase name="When i click on the minus-button" classname="as-a-user,-i-should-be-able-to-adjust-the-quantity-of-a-product-anytime-to-fulfill-my-needs.;successfully-decrease-of-the-different-product-in-the-shopping-cart" time="3.024120903">
            <failure message="TypeError: Cannot read property &apos;click&apos; of null">TypeError: Cannot read property &apos;click&apos; of null
    at createWorld.&lt;anonymous&gt; (C:\Users\DellXPS\Desktop\systemBolaget-2019\step-definitions\adjustquantity.js:16:22)
    at processTicksAndRejections (internal/process/next_tick.js:81:5)</failure>
        </testcase>
        <testcase name="Then it should decrease one product from the cart" classname="as-a-user,-i-should-be-able-to-adjust-the-quantity-of-a-product-anytime-to-fulfill-my-needs.;successfully-decrease-of-the-different-product-in-the-shopping-cart">
            <skipped message="">
            </skipped>
        </testcase>
    </testsuite>
    <testsuite name="as-a-user,-i-should-be-able-to-adjust-the-quantity-of-a-product-anytime-to-fulfill-my-needs.;successfully-increase-of-the-different-product-in-the-shopping-cart" tests="3" failures="0" skipped="2">
        <properties>
            <property name="URI" value="C:/Users/DellXPS/Desktop/systemBolaget-2019/features/adjustquantity.feature">
            </property>
        </properties>
        <testcase name="Given the different products are already in the shopping cart" classname="as-a-user,-i-should-be-able-to-adjust-the-quantity-of-a-product-anytime-to-fulfill-my-needs.;successfully-increase-of-the-different-product-in-the-shopping-cart" time="0.000157903">
        </testcase>
        <testcase name="When I click on the plus-button" classname="as-a-user,-i-should-be-able-to-adjust-the-quantity-of-a-product-anytime-to-fulfill-my-needs.;successfully-increase-of-the-different-product-in-the-shopping-cart">
            <skipped message="">
            </skipped>
        </testcase>
        <testcase name="Then it should increase one product into the cart" classname="as-a-user,-i-should-be-able-to-adjust-the-quantity-of-a-product-anytime-to-fulfill-my-needs.;successfully-increase-of-the-different-product-in-the-shopping-cart">
            <skipped message="">
            </skipped>
        </testcase>
    </testsuite>
    <testsuite name="as-a-user,-i-should-be-able-to-adjust-the-quantity-of-a-product-anytime-to-fulfill-my-needs.;successfully-adjust-amount-of-same-product-in-the-shopping-cart" tests="3" failures="0" skipped="0">
        <properties>
            <property name="URI" value="C:/Users/DellXPS/Desktop/systemBolaget-2019/features/adjustquantity.feature">
            </property>
        </properties>
        <testcase name="Given the product is already in the shopping cart" classname="as-a-user,-i-should-be-able-to-adjust-the-quantity-of-a-product-anytime-to-fulfill-my-needs.;successfully-adjust-amount-of-same-product-in-the-shopping-cart" time="3.363271786">
        </testcase>
        <testcase name="When i type into textbox the amount of products" classname="as-a-user,-i-should-be-able-to-adjust-the-quantity-of-a-product-anytime-to-fulfill-my-needs.;successfully-adjust-amount-of-same-product-in-the-shopping-cart" time="0.000255014">
        </testcase>
        <testcase name="Then it should add as many products to the cart" classname="as-a-user,-i-should-be-able-to-adjust-the-quantity-of-a-product-anytime-to-fulfill-my-needs.;successfully-adjust-amount-of-same-product-in-the-shopping-cart" time="0.000213959">
        </testcase>
    </testsuite>
    <testsuite name="as-a-user,-i-should-be-able-to-adjust-the-quantity-of-a-product-anytime-to-fulfill-my-needs.;successfully-adjust-amount-of-different-products-in-the-shopping-cart" tests="3" failures="0" skipped="3">
        <properties>
            <property name="URI" value="C:/Users/DellXPS/Desktop/systemBolaget-2019/features/adjustquantity.feature">
            </property>
        </properties>
        <testcase name="Given the products are already in the shopping cart" classname="as-a-user,-i-should-be-able-to-adjust-the-quantity-of-a-product-anytime-to-fulfill-my-needs.;successfully-adjust-amount-of-different-products-in-the-shopping-cart">
            <skipped message="">
            </skipped>
        </testcase>
        <testcase name="When i type into textbox the amount of products for each product" classname="as-a-user,-i-should-be-able-to-adjust-the-quantity-of-a-product-anytime-to-fulfill-my-needs.;successfully-adjust-amount-of-different-products-in-the-shopping-cart">
            <skipped message="">
            </skipped>
        </testcase>
        <testcase name="Then it should add as many products to the cart" classname="as-a-user,-i-should-be-able-to-adjust-the-quantity-of-a-product-anytime-to-fulfill-my-needs.;successfully-adjust-amount-of-different-products-in-the-shopping-cart">
            <skipped message="">
            </skipped>
        </testcase>
    </testsuite>
    <testsuite name="as-a-user,-i-should-be-able-to-adjust-the-quantity-of-a-product-anytime-to-fulfill-my-needs.;the-quantity-of-the-product-can-never-go-below-one-if-it-does-it-is-removed" tests="3" failures="0" skipped="0">
        <properties>
            <property name="URI" value="C:/Users/DellXPS/Desktop/systemBolaget-2019/features/adjustquantity.feature">
            </property>
        </properties>
        <testcase name="Given that there is already one product in the shopping cart" classname="as-a-user,-i-should-be-able-to-adjust-the-quantity-of-a-product-anytime-to-fulfill-my-needs.;the-quantity-of-the-product-can-never-go-below-one-if-it-does-it-is-removed" time="0.000245144">
        </testcase>
        <testcase name="When i click on minus-button once" classname="as-a-user,-i-should-be-able-to-adjust-the-quantity-of-a-product-anytime-to-fulfill-my-needs.;the-quantity-of-the-product-can-never-go-below-one-if-it-does-it-is-removed" time="0.00013106">
        </testcase>
        <testcase name="Then the product should be removed from the cart" classname="as-a-user,-i-should-be-able-to-adjust-the-quantity-of-a-product-anytime-to-fulfill-my-needs.;the-quantity-of-the-product-can-never-go-below-one-if-it-does-it-is-removed">
        </testcase>
    </testsuite>
    <testsuite name="as-a-user,-i-should-be-able-to-adjust-the-quantity-of-a-product-anytime-to-fulfill-my-needs.;the-quantity-of-the-product-can-never-be-below-one-if-it-does-it-is-removed" tests="3" failures="0" skipped="0">
        <properties>
            <property name="URI" value="C:/Users/DellXPS/Desktop/systemBolaget-2019/features/adjustquantity.feature">
            </property>
        </properties>
        <testcase name="Given that there is already atleast two units of a product in the shopping cart" classname="as-a-user,-i-should-be-able-to-adjust-the-quantity-of-a-product-anytime-to-fulfill-my-needs.;the-quantity-of-the-product-can-never-be-below-one-if-it-does-it-is-removed" time="0.00033594">
        </testcase>
        <testcase name="When i type zero into the textbox" classname="as-a-user,-i-should-be-able-to-adjust-the-quantity-of-a-product-anytime-to-fulfill-my-needs.;the-quantity-of-the-product-can-never-be-below-one-if-it-does-it-is-removed" time="0.000136586">
        </testcase>
        <testcase name="Then the product should be removed from the cart" classname="as-a-user,-i-should-be-able-to-adjust-the-quantity-of-a-product-anytime-to-fulfill-my-needs.;the-quantity-of-the-product-can-never-be-below-one-if-it-does-it-is-removed">
        </testcase>
    </testsuite>
    <testsuite name="as-a-user,-i-should-be-able-to-select-different-quantities-of-a-product-to-my-shopping-cart-to-have-control-on-my-shopping.;successfully-add-1-quantity-of-the-same-product-to-the-cart." tests="4" failures="0" skipped="2">
        <properties>
            <property name="URI" value="C:/Users/DellXPS/Desktop/systemBolaget-2019/features/differentquantities.feature">
            </property>
        </properties>
        <testcase name="Given the product is available in the shop" classname="as-a-user,-i-should-be-able-to-select-different-quantities-of-a-product-to-my-shopping-cart-to-have-control-on-my-shopping.;successfully-add-1-quantity-of-the-same-product-to-the-cart.">
        </testcase>
        <testcase name="And I type 1 into text box" classname="as-a-user,-i-should-be-able-to-select-different-quantities-of-a-product-to-my-shopping-cart-to-have-control-on-my-shopping.;successfully-add-1-quantity-of-the-same-product-to-the-cart.">
            <skipped message="">
            </skipped>
        </testcase>
        <testcase name="When i press enter button" classname="as-a-user,-i-should-be-able-to-select-different-quantities-of-a-product-to-my-shopping-cart-to-have-control-on-my-shopping.;successfully-add-1-quantity-of-the-same-product-to-the-cart.">
        </testcase>
        <testcase name="Then it should be added 1 unit to the cart of the same product" classname="as-a-user,-i-should-be-able-to-select-different-quantities-of-a-product-to-my-shopping-cart-to-have-control-on-my-shopping.;successfully-add-1-quantity-of-the-same-product-to-the-cart.">
            <skipped message="">
            </skipped>
        </testcase>
    </testsuite>
    <testsuite name="as-a-user,-i-should-be-able-to-select-different-quantities-of-a-product-to-my-shopping-cart-to-have-control-on-my-shopping.;successfully-add-atleast-2-quantities-of-the-same-product-to-the-cart." tests="4" failures="0" skipped="2">
        <properties>
            <property name="URI" value="C:/Users/DellXPS/Desktop/systemBolaget-2019/features/differentquantities.feature">
            </property>
        </properties>
        <testcase name="Given the product is available in the shop" classname="as-a-user,-i-should-be-able-to-select-different-quantities-of-a-product-to-my-shopping-cart-to-have-control-on-my-shopping.;successfully-add-atleast-2-quantities-of-the-same-product-to-the-cart.">
        </testcase>
        <testcase name="And I type 2 or more units in the text box" classname="as-a-user,-i-should-be-able-to-select-different-quantities-of-a-product-to-my-shopping-cart-to-have-control-on-my-shopping.;successfully-add-atleast-2-quantities-of-the-same-product-to-the-cart.">
            <skipped message="">
            </skipped>
        </testcase>
        <testcase name="When i press enter button" classname="as-a-user,-i-should-be-able-to-select-different-quantities-of-a-product-to-my-shopping-cart-to-have-control-on-my-shopping.;successfully-add-atleast-2-quantities-of-the-same-product-to-the-cart.">
        </testcase>
        <testcase name="Then it should be added 2 units to the cart of the same product" classname="as-a-user,-i-should-be-able-to-select-different-quantities-of-a-product-to-my-shopping-cart-to-have-control-on-my-shopping.;successfully-add-atleast-2-quantities-of-the-same-product-to-the-cart.">
            <skipped message="">
            </skipped>
        </testcase>
    </testsuite>
    <testsuite name="as-a-user,-i-should-be-able-to-select-different-quantities-of-a-product-to-my-shopping-cart-to-have-control-on-my-shopping.;successfully-add-different-quantities-of-the-different-products-to-the-cart." tests="4" failures="0" skipped="1">
        <properties>
            <property name="URI" value="C:/Users/DellXPS/Desktop/systemBolaget-2019/features/differentquantities.feature">
            </property>
        </properties>
        <testcase name="Given the different products are available in the shop" classname="as-a-user,-i-should-be-able-to-select-different-quantities-of-a-product-to-my-shopping-cart-to-have-control-on-my-shopping.;successfully-add-different-quantities-of-the-different-products-to-the-cart." time="0.000363572">
        </testcase>
        <testcase name="And I type different units into the text box for different products" classname="as-a-user,-i-should-be-able-to-select-different-quantities-of-a-product-to-my-shopping-cart-to-have-control-on-my-shopping.;successfully-add-different-quantities-of-the-different-products-to-the-cart." time="0.000180009">
        </testcase>
        <testcase name="When i press enter button" classname="as-a-user,-i-should-be-able-to-select-different-quantities-of-a-product-to-my-shopping-cart-to-have-control-on-my-shopping.;successfully-add-different-quantities-of-the-different-products-to-the-cart.">
        </testcase>
        <testcase name="Then it should be added different units to the cart of the different products" classname="as-a-user,-i-should-be-able-to-select-different-quantities-of-a-product-to-my-shopping-cart-to-have-control-on-my-shopping.;successfully-add-different-quantities-of-the-different-products-to-the-cart.">
            <skipped message="">
            </skipped>
        </testcase>
    </testsuite>
    <testsuite name="as-a-user,-i-should-be-able-to-empty-the-entire-shopping-cart.;succssfully-empty-the-cart-with-one-product-in-the-shopping-cart" tests="3" failures="0" skipped="1">
        <properties>
            <property name="URI" value="C:/Users/DellXPS/Desktop/systemBolaget-2019/features/emptycart.feature">
            </property>
        </properties>
        <testcase name="Given that there is already one product in the cart" classname="as-a-user,-i-should-be-able-to-empty-the-entire-shopping-cart.;succssfully-empty-the-cart-with-one-product-in-the-shopping-cart">
            <skipped message="">
            </skipped>
        </testcase>
        <testcase name="When i click on the empty-cart button" classname="as-a-user,-i-should-be-able-to-empty-the-entire-shopping-cart.;succssfully-empty-the-cart-with-one-product-in-the-shopping-cart">
        </testcase>
        <testcase name="Then It should empty the cart" classname="as-a-user,-i-should-be-able-to-empty-the-entire-shopping-cart.;succssfully-empty-the-cart-with-one-product-in-the-shopping-cart">
        </testcase>
    </testsuite>
    <testsuite name="as-a-user,-i-should-be-able-to-empty-the-entire-shopping-cart.;succssfully-empty-the-cart-with-several-different-products-in-the-cart" tests="3" failures="0" skipped="0">
        <properties>
            <property name="URI" value="C:/Users/DellXPS/Desktop/systemBolaget-2019/features/emptycart.feature">
            </property>
        </properties>
        <testcase name="Given that there are already several different products in the cart" classname="as-a-user,-i-should-be-able-to-empty-the-entire-shopping-cart.;succssfully-empty-the-cart-with-several-different-products-in-the-cart" time="0.000226986">
        </testcase>
        <testcase name="When i click on the empty-cart button" classname="as-a-user,-i-should-be-able-to-empty-the-entire-shopping-cart.;succssfully-empty-the-cart-with-several-different-products-in-the-cart">
        </testcase>
        <testcase name="Then It should empty the cart" classname="as-a-user,-i-should-be-able-to-empty-the-entire-shopping-cart.;succssfully-empty-the-cart-with-several-different-products-in-the-cart">
        </testcase>
    </testsuite>
    <testsuite name="as-a-user,-i-should-be-able-to-login--my-account;succssfully-login" tests="5" failures="1" skipped="3">
        <properties>
            <property name="URI" value="C:/Users/DellXPS/Desktop/systemBolaget-2019/features/login.feature">
            </property>
        </properties>
        <testcase name="Given that I already have login page" classname="as-a-user,-i-should-be-able-to-login--my-account;succssfully-login" time="4.289009895">
        </testcase>
        <testcase name="When user enter username" classname="as-a-user,-i-should-be-able-to-login--my-account;succssfully-login" time="0.016985256">
            <failure message="WebDriverError: invalid argument: &apos;value&apos; must be a string">WebDriverError: invalid argument: &apos;value&apos; must be a string
  (Session info: chrome=74.0.3729.157)
  (Driver info: chromedriver=2.46.628402 (536cd7adbad73a3783fdc2cab92ab2ba7ec361e1),platform=Windows NT 10.0.17134 x86_64)
    at Object.checkLegacyResponse (C:\Users\DellXPS\Desktop\systemBolaget-2019\node_modules\selenium-webdriver\lib\error.js:529:15)
    at parseHttpResponse (C:\Users\DellXPS\Desktop\systemBolaget-2019\node_modules\selenium-webdriver\lib\http.js:509:13)
    at doSend.then.response (C:\Users\DellXPS\Desktop\systemBolaget-2019\node_modules\selenium-webdriver\lib\http.js:441:30)
    at processTicksAndRejections (internal/process/next_tick.js:81:5)
From: Task: WebDriver.findElements(By(css selector, By(css selector, *[name=&quot;username&quot;])))
    at thenableWebDriverProxy.schedule (C:\Users\DellXPS\Desktop\systemBolaget-2019\node_modules\selenium-webdriver\lib\webdriver.js:807:17)
    at thenableWebDriverProxy.findElements (C:\Users\DellXPS\Desktop\systemBolaget-2019\node_modules\selenium-webdriver\lib\webdriver.js:1048:22)
    at $ (C:\Users\DellXPS\Desktop\systemBolaget-2019\step-definitions\funcs.js:3:33)
    at createWorld.&lt;anonymous&gt; (C:\Users\DellXPS\Desktop\systemBolaget-2019\step-definitions\logintest.js:12:25)
    at processTicksAndRejections (internal/process/next_tick.js:74:9)</failure>
        </testcase>
        <testcase name="When user enter password" classname="as-a-user,-i-should-be-able-to-login--my-account;succssfully-login">
            <skipped message="">
            </skipped>
        </testcase>
        <testcase name="And user  click on signing button" classname="as-a-user,-i-should-be-able-to-login--my-account;succssfully-login">
            <skipped message="">
            </skipped>
        </testcase>
        <testcase name="Then user should be logged in sucessfully" classname="as-a-user,-i-should-be-able-to-login--my-account;succssfully-login">
            <skipped message="">
            </skipped>
        </testcase>
    </testsuite>
    <testsuite name="as-a-user,-i-should-be-able-to-login--my-account;unsuccssfully--enter-number-in-username" tests="5" failures="0" skipped="4">
        <properties>
            <property name="URI" value="C:/Users/DellXPS/Desktop/systemBolaget-2019/features/login.feature">
            </property>
        </properties>
        <testcase name="Given that I already have login page" classname="as-a-user,-i-should-be-able-to-login--my-account;unsuccssfully--enter-number-in-username" time="4.392678896">
        </testcase>
        <testcase name="When user enter  number in username textbox" classname="as-a-user,-i-should-be-able-to-login--my-account;unsuccssfully--enter-number-in-username">
            <skipped message="">
            </skipped>
        </testcase>
        <testcase name="When user enter password" classname="as-a-user,-i-should-be-able-to-login--my-account;unsuccssfully--enter-number-in-username">
            <skipped message="">
            </skipped>
        </testcase>
        <testcase name="And user  click on signing button" classname="as-a-user,-i-should-be-able-to-login--my-account;unsuccssfully--enter-number-in-username">
            <skipped message="">
            </skipped>
        </testcase>
        <testcase name="Then user should be logged in sucessfully" classname="as-a-user,-i-should-be-able-to-login--my-account;unsuccssfully--enter-number-in-username">
            <skipped message="">
            </skipped>
        </testcase>
    </testsuite>
    <testsuite name="as-a-user,-i-should-be-able-to-login--my-account;unsuccssfully--enter-character-in-password" tests="5" failures="0" skipped="4">
        <properties>
            <property name="URI" value="C:/Users/DellXPS/Desktop/systemBolaget-2019/features/login.feature">
            </property>
        </properties>
        <testcase name="Given that I already have login page" classname="as-a-user,-i-should-be-able-to-login--my-account;unsuccssfully--enter-character-in-password" time="4.407575487">
        </testcase>
        <testcase name="When user enter username in textbox" classname="as-a-user,-i-should-be-able-to-login--my-account;unsuccssfully--enter-character-in-password">
            <skipped message="">
            </skipped>
        </testcase>
        <testcase name="When user enter text in password textbox" classname="as-a-user,-i-should-be-able-to-login--my-account;unsuccssfully--enter-character-in-password">
            <skipped message="">
            </skipped>
        </testcase>
        <testcase name="And user  click on signing button" classname="as-a-user,-i-should-be-able-to-login--my-account;unsuccssfully--enter-character-in-password">
            <skipped message="">
            </skipped>
        </testcase>
        <testcase name="Then user should be logged in sucessfully" classname="as-a-user,-i-should-be-able-to-login--my-account;unsuccssfully--enter-character-in-password">
            <skipped message="">
            </skipped>
        </testcase>
    </testsuite>
    <testsuite name="as-a-user,-i-should-be-able-to-see-an-overview-of-the-shopping-cart-/-its-contents.;successfully-overview-the-shopping-cart" tests="3" failures="1" skipped="2">
        <properties>
            <property name="URI" value="C:/Users/DellXPS/Desktop/systemBolaget-2019/features/overviewofcart.feature">
            </property>
        </properties>
        <testcase name="Given that I already have products in the cart" classname="as-a-user,-i-should-be-able-to-see-an-overview-of-the-shopping-cart-/-its-contents.;successfully-overview-the-shopping-cart" time="2.936483424">
            <failure message="WebDriverError: unknown error: unhandled inspector error: {&quot;code&quot;:-32000,&quot;message&quot;:&quot;Cannot navigate to invalid URL&quot;}">WebDriverError: unknown error: unhandled inspector error: {&quot;code&quot;:-32000,&quot;message&quot;:&quot;Cannot navigate to invalid URL&quot;}
  (Session info: chrome=74.0.3729.157)
  (Driver info: chromedriver=2.46.628402 (536cd7adbad73a3783fdc2cab92ab2ba7ec361e1),platform=Windows NT 10.0.17134 x86_64)
    at Object.checkLegacyResponse (C:\Users\DellXPS\Desktop\systemBolaget-2019\node_modules\selenium-webdriver\lib\error.js:529:15)
    at parseHttpResponse (C:\Users\DellXPS\Desktop\systemBolaget-2019\node_modules\selenium-webdriver\lib\http.js:509:13)
    at doSend.then.response (C:\Users\DellXPS\Desktop\systemBolaget-2019\node_modules\selenium-webdriver\lib\http.js:441:30)
    at processTicksAndRejections (internal/process/next_tick.js:81:5)
From: Task: WebDriver.navigate().to(.addtocart.addtocart)
    at thenableWebDriverProxy.schedule (C:\Users\DellXPS\Desktop\systemBolaget-2019\node_modules\selenium-webdriver\lib\webdriver.js:807:17)
    at Navigation.to (C:\Users\DellXPS\Desktop\systemBolaget-2019\node_modules\selenium-webdriver\lib\webdriver.js:1131:25)
    at thenableWebDriverProxy.get (C:\Users\DellXPS\Desktop\systemBolaget-2019\node_modules\selenium-webdriver\lib\webdriver.js:988:28)
    at Object.loadPage (C:\Users\DellXPS\Desktop\systemBolaget-2019\node_modules\selenium-cucumber-js\runtime\helpers.js:17:23)
    at createWorld.&lt;anonymous&gt; (C:\Users\DellXPS\Desktop\systemBolaget-2019\step-definitions\OverviewOfCart-test.js:8:19)</failure>
        </testcase>
        <testcase name="When I click on cart-button" classname="as-a-user,-i-should-be-able-to-see-an-overview-of-the-shopping-cart-/-its-contents.;successfully-overview-the-shopping-cart">
            <skipped message="">
            </skipped>
        </testcase>
        <testcase name="Then I can see all the products in the cart and their details" classname="as-a-user,-i-should-be-able-to-see-an-overview-of-the-shopping-cart-/-its-contents.;successfully-overview-the-shopping-cart">
            <skipped message="">
            </skipped>
        </testcase>
    </testsuite>
    <testsuite name="as-a-user,-i-should-be-able-to-see-an-overview-of-the-shopping-cart-/-its-contents.;successfully-overview-the-total-price-of-the-products" tests="3" failures="1" skipped="2">
        <properties>
            <property name="URI" value="C:/Users/DellXPS/Desktop/systemBolaget-2019/features/overviewofcart.feature">
            </property>
        </properties>
        <testcase name="Given that I already have products in the cart" classname="as-a-user,-i-should-be-able-to-see-an-overview-of-the-shopping-cart-/-its-contents.;successfully-overview-the-total-price-of-the-products" time="3.046023661">
            <failure message="WebDriverError: unknown error: unhandled inspector error: {&quot;code&quot;:-32000,&quot;message&quot;:&quot;Cannot navigate to invalid URL&quot;}">WebDriverError: unknown error: unhandled inspector error: {&quot;code&quot;:-32000,&quot;message&quot;:&quot;Cannot navigate to invalid URL&quot;}
  (Session info: chrome=74.0.3729.157)
  (Driver info: chromedriver=2.46.628402 (536cd7adbad73a3783fdc2cab92ab2ba7ec361e1),platform=Windows NT 10.0.17134 x86_64)
    at Object.checkLegacyResponse (C:\Users\DellXPS\Desktop\systemBolaget-2019\node_modules\selenium-webdriver\lib\error.js:529:15)
    at parseHttpResponse (C:\Users\DellXPS\Desktop\systemBolaget-2019\node_modules\selenium-webdriver\lib\http.js:509:13)
    at doSend.then.response (C:\Users\DellXPS\Desktop\systemBolaget-2019\node_modules\selenium-webdriver\lib\http.js:441:30)
    at processTicksAndRejections (internal/process/next_tick.js:81:5)
From: Task: WebDriver.navigate().to(.addtocart.addtocart)
    at thenableWebDriverProxy.schedule (C:\Users\DellXPS\Desktop\systemBolaget-2019\node_modules\selenium-webdriver\lib\webdriver.js:807:17)
    at Navigation.to (C:\Users\DellXPS\Desktop\systemBolaget-2019\node_modules\selenium-webdriver\lib\webdriver.js:1131:25)
    at thenableWebDriverProxy.get (C:\Users\DellXPS\Desktop\systemBolaget-2019\node_modules\selenium-webdriver\lib\webdriver.js:988:28)
    at Object.loadPage (C:\Users\DellXPS\Desktop\systemBolaget-2019\node_modules\selenium-cucumber-js\runtime\helpers.js:17:23)
    at createWorld.&lt;anonymous&gt; (C:\Users\DellXPS\Desktop\systemBolaget-2019\step-definitions\OverviewOfCart-test.js:8:19)</failure>
        </testcase>
        <testcase name="When I click on cart-button" classname="as-a-user,-i-should-be-able-to-see-an-overview-of-the-shopping-cart-/-its-contents.;successfully-overview-the-total-price-of-the-products">
            <skipped message="">
            </skipped>
        </testcase>
        <testcase name="Then I can see the total price of products in the cart" classname="as-a-user,-i-should-be-able-to-see-an-overview-of-the-shopping-cart-/-its-contents.;successfully-overview-the-total-price-of-the-products">
            <skipped message="">
            </skipped>
        </testcase>
    </testsuite>
    <testsuite name="as-a-user,-i-should-be-able-to-see-an-overview-of-the-shopping-cart-/-its-contents.;successfully-overview-the-new-total-price-of-the-products" tests="3" failures="1" skipped="2">
        <properties>
            <property name="URI" value="C:/Users/DellXPS/Desktop/systemBolaget-2019/features/overviewofcart.feature">
            </property>
        </properties>
        <testcase name="Given that I already have products in the cart" classname="as-a-user,-i-should-be-able-to-see-an-overview-of-the-shopping-cart-/-its-contents.;successfully-overview-the-new-total-price-of-the-products" time="2.8758849">
            <failure message="WebDriverError: unknown error: unhandled inspector error: {&quot;code&quot;:-32000,&quot;message&quot;:&quot;Cannot navigate to invalid URL&quot;}">WebDriverError: unknown error: unhandled inspector error: {&quot;code&quot;:-32000,&quot;message&quot;:&quot;Cannot navigate to invalid URL&quot;}
  (Session info: chrome=74.0.3729.157)
  (Driver info: chromedriver=2.46.628402 (536cd7adbad73a3783fdc2cab92ab2ba7ec361e1),platform=Windows NT 10.0.17134 x86_64)
    at Object.checkLegacyResponse (C:\Users\DellXPS\Desktop\systemBolaget-2019\node_modules\selenium-webdriver\lib\error.js:529:15)
    at parseHttpResponse (C:\Users\DellXPS\Desktop\systemBolaget-2019\node_modules\selenium-webdriver\lib\http.js:509:13)
    at doSend.then.response (C:\Users\DellXPS\Desktop\systemBolaget-2019\node_modules\selenium-webdriver\lib\http.js:441:30)
    at processTicksAndRejections (internal/process/next_tick.js:81:5)
From: Task: WebDriver.navigate().to(.addtocart.addtocart)
    at thenableWebDriverProxy.schedule (C:\Users\DellXPS\Desktop\systemBolaget-2019\node_modules\selenium-webdriver\lib\webdriver.js:807:17)
    at Navigation.to (C:\Users\DellXPS\Desktop\systemBolaget-2019\node_modules\selenium-webdriver\lib\webdriver.js:1131:25)
    at thenableWebDriverProxy.get (C:\Users\DellXPS\Desktop\systemBolaget-2019\node_modules\selenium-webdriver\lib\webdriver.js:988:28)
    at Object.loadPage (C:\Users\DellXPS\Desktop\systemBolaget-2019\node_modules\selenium-cucumber-js\runtime\helpers.js:17:23)
    at createWorld.&lt;anonymous&gt; (C:\Users\DellXPS\Desktop\systemBolaget-2019\step-definitions\OverviewOfCart-test.js:8:19)</failure>
        </testcase>
        <testcase name="When I change the quantities of the products" classname="as-a-user,-i-should-be-able-to-see-an-overview-of-the-shopping-cart-/-its-contents.;successfully-overview-the-new-total-price-of-the-products">
            <skipped message="">
            </skipped>
        </testcase>
        <testcase name="Then I can see new total price of products in the cart" classname="as-a-user,-i-should-be-able-to-see-an-overview-of-the-shopping-cart-/-its-contents.;successfully-overview-the-new-total-price-of-the-products">
            <skipped message="">
            </skipped>
        </testcase>
    </testsuite>
    <testsuite name="as-a-user,-i-must-be-able-to-make-purchases-without-registering-an-account.-(payment-is-not-made-for-real);successfully-buy-products-without-having-an-account" tests="3" failures="0" skipped="3">
        <properties>
            <property name="URI" value="C:/Users/DellXPS/Desktop/systemBolaget-2019/features/purchasewithoutaccount.feature">
            </property>
        </properties>
        <testcase name="Given that I have added the product/products in the shopping cart" classname="as-a-user,-i-must-be-able-to-make-purchases-without-registering-an-account.-(payment-is-not-made-for-real);successfully-buy-products-without-having-an-account">
            <skipped message="">
            </skipped>
        </testcase>
        <testcase name="When I click on &apos;buy-without-account&apos; button" classname="as-a-user,-i-must-be-able-to-make-purchases-without-registering-an-account.-(payment-is-not-made-for-real);successfully-buy-products-without-having-an-account">
            <skipped message="">
            </skipped>
        </testcase>
        <testcase name="Then It should show me ordering page" classname="as-a-user,-i-must-be-able-to-make-purchases-without-registering-an-account.-(payment-is-not-made-for-real);successfully-buy-products-without-having-an-account">
            <skipped message="">
            </skipped>
        </testcase>
    </testsuite>
    <testsuite name="as-a-user,-i-must-be-able-to-make-purchases-without-registering-an-account.-(payment-is-not-made-for-real);successfully-buy-products-from-ordering-page" tests="4" failures="0" skipped="3">
        <properties>
            <property name="URI" value="C:/Users/DellXPS/Desktop/systemBolaget-2019/features/purchasewithoutaccount.feature">
            </property>
        </properties>
        <testcase name="Given that I am already on the ordering page" classname="as-a-user,-i-must-be-able-to-make-purchases-without-registering-an-account.-(payment-is-not-made-for-real);successfully-buy-products-from-ordering-page" time="0.000108558">
        </testcase>
        <testcase name="And I have filled up the form with correct customer detail" classname="as-a-user,-i-must-be-able-to-make-purchases-without-registering-an-account.-(payment-is-not-made-for-real);successfully-buy-products-from-ordering-page">
            <skipped message="">
            </skipped>
        </testcase>
        <testcase name="When I click on buy-button in the ordering page" classname="as-a-user,-i-must-be-able-to-make-purchases-without-registering-an-account.-(payment-is-not-made-for-real);successfully-buy-products-from-ordering-page">
            <skipped message="">
            </skipped>
        </testcase>
        <testcase name="Then It should take my order" classname="as-a-user,-i-must-be-able-to-make-purchases-without-registering-an-account.-(payment-is-not-made-for-real);successfully-buy-products-from-ordering-page">
            <skipped message="">
            </skipped>
        </testcase>
    </testsuite>
    <testsuite name="as-a-user,-i-must-be-able-to-make-purchases-without-registering-an-account.-(payment-is-not-made-for-real);unsuccessful-to-buy-products-from-ordering-page" tests="4" failures="0" skipped="3">
        <properties>
            <property name="URI" value="C:/Users/DellXPS/Desktop/systemBolaget-2019/features/purchasewithoutaccount.feature">
            </property>
        </properties>
        <testcase name="Given that I am already on the ordering page" classname="as-a-user,-i-must-be-able-to-make-purchases-without-registering-an-account.-(payment-is-not-made-for-real);unsuccessful-to-buy-products-from-ordering-page" time="0.000050923">
        </testcase>
        <testcase name="And I have filled up incorrect customer detail" classname="as-a-user,-i-must-be-able-to-make-purchases-without-registering-an-account.-(payment-is-not-made-for-real);unsuccessful-to-buy-products-from-ordering-page">
            <skipped message="">
            </skipped>
        </testcase>
        <testcase name="When I click on buy-button in the ordering page" classname="as-a-user,-i-must-be-able-to-make-purchases-without-registering-an-account.-(payment-is-not-made-for-real);unsuccessful-to-buy-products-from-ordering-page">
            <skipped message="">
            </skipped>
        </testcase>
        <testcase name="Then It should show me error that information given by you is incorrect" classname="as-a-user,-i-must-be-able-to-make-purchases-without-registering-an-account.-(payment-is-not-made-for-real);unsuccessful-to-buy-products-from-ordering-page">
            <skipped message="">
            </skipped>
        </testcase>
    </testsuite>
    <testsuite name="as-a-user,-i-must-be-able-to-make-purchases-without-registering-an-account.-(payment-is-not-made-for-real);unsuccessful-to-buy-products-from-ordering-page" tests="4" failures="0" skipped="3">
        <properties>
            <property name="URI" value="C:/Users/DellXPS/Desktop/systemBolaget-2019/features/purchasewithoutaccount.feature">
            </property>
        </properties>
        <testcase name="Given that I am already on the ordering page" classname="as-a-user,-i-must-be-able-to-make-purchases-without-registering-an-account.-(payment-is-not-made-for-real);unsuccessful-to-buy-products-from-ordering-page" time="0.00005724">
        </testcase>
        <testcase name="And I have filled up incomplete customer detail" classname="as-a-user,-i-must-be-able-to-make-purchases-without-registering-an-account.-(payment-is-not-made-for-real);unsuccessful-to-buy-products-from-ordering-page">
            <skipped message="">
            </skipped>
        </testcase>
        <testcase name="When I click on buy-button in the ordering page" classname="as-a-user,-i-must-be-able-to-make-purchases-without-registering-an-account.-(payment-is-not-made-for-real);unsuccessful-to-buy-products-from-ordering-page">
            <skipped message="">
            </skipped>
        </testcase>
        <testcase name="Then It should show me error that information given by you is incomplete" classname="as-a-user,-i-must-be-able-to-make-purchases-without-registering-an-account.-(payment-is-not-made-for-real);unsuccessful-to-buy-products-from-ordering-page">
            <skipped message="">
            </skipped>
        </testcase>
    </testsuite>
    <testsuite name="as-a-user,-i-should-be-able-to-register-my-account-into-the-localhost-to-by-product-from-systembolaget.;successfully-open-the-registration-page" tests="3" failures="1" skipped="1">
        <properties>
            <property name="URI" value="C:/Users/DellXPS/Desktop/systemBolaget-2019/features/Registrationform.feature">
            </property>
        </properties>
        <testcase name="Given that I am in signin page" classname="as-a-user,-i-should-be-able-to-register-my-account-into-the-localhost-to-by-product-from-systembolaget.;successfully-open-the-registration-page" time="3.585677703">
        </testcase>
        <testcase name="When user clickon register link" classname="as-a-user,-i-should-be-able-to-register-my-account-into-the-localhost-to-by-product-from-systembolaget.;successfully-open-the-registration-page" time="0.03054717">
            <failure message="ReferenceError: registrationlink is not defined">ReferenceError: registrationlink is not defined
    at createWorld.&lt;anonymous&gt; (C:\Users\DellXPS\Desktop\systemBolaget-2019\step-definitions\Resistration form.js:17:7)
    at processTicksAndRejections (internal/process/next_tick.js:81:5)</failure>
        </testcase>
        <testcase name="Then user should be in registration page" classname="as-a-user,-i-should-be-able-to-register-my-account-into-the-localhost-to-by-product-from-systembolaget.;successfully-open-the-registration-page">
            <skipped message="">
            </skipped>
        </testcase>
    </testsuite>
    <testsuite name="as-a-user,-i-should-be-able-to-register-my-account-into-the-localhost-to-by-product-from-systembolaget.;successfully-enter-username-in-textbox" tests="4" failures="0" skipped="4">
        <properties>
            <property name="URI" value="C:/Users/DellXPS/Desktop/systemBolaget-2019/features/Registrationform.feature">
            </property>
        </properties>
        <testcase name="Given that I am in registration page" classname="as-a-user,-i-should-be-able-to-register-my-account-into-the-localhost-to-by-product-from-systembolaget.;successfully-enter-username-in-textbox">
            <skipped message="">
            </skipped>
        </testcase>
        <testcase name="When i input my name  in textbox" classname="as-a-user,-i-should-be-able-to-register-my-account-into-the-localhost-to-by-product-from-systembolaget.;successfully-enter-username-in-textbox">
            <skipped message="">
            </skipped>
        </testcase>
        <testcase name="When I  input  my password on textbox" classname="as-a-user,-i-should-be-able-to-register-my-account-into-the-localhost-to-by-product-from-systembolaget.;successfully-enter-username-in-textbox">
            <skipped message="">
            </skipped>
        </testcase>
        <testcase name="Then name and password are enter Successfully in the textbox" classname="as-a-user,-i-should-be-able-to-register-my-account-into-the-localhost-to-by-product-from-systembolaget.;successfully-enter-username-in-textbox">
            <skipped message="">
            </skipped>
        </testcase>
    </testsuite>
    <testsuite name="as-a-user,-i-should-be-able-to-register-my-account-into-the-localhost-to-by-product-from-systembolaget.;successfully-register-the-account-." tests="3" failures="0" skipped="3">
        <properties>
            <property name="URI" value="C:/Users/DellXPS/Desktop/systemBolaget-2019/features/Registrationform.feature">
            </property>
        </properties>
        <testcase name="Given that I am in registration page" classname="as-a-user,-i-should-be-able-to-register-my-account-into-the-localhost-to-by-product-from-systembolaget.;successfully-register-the-account-.">
            <skipped message="">
            </skipped>
        </testcase>
        <testcase name="When I click register button" classname="as-a-user,-i-should-be-able-to-register-my-account-into-the-localhost-to-by-product-from-systembolaget.;successfully-register-the-account-.">
            <skipped message="">
            </skipped>
        </testcase>
        <testcase name="Then registration should be Successfully" classname="as-a-user,-i-should-be-able-to-register-my-account-into-the-localhost-to-by-product-from-systembolaget.;successfully-register-the-account-.">
            <skipped message="">
            </skipped>
        </testcase>
    </testsuite>
    <testsuite name="as-a-user,-i-should-be-able-to-register-my-account-into-the-localhost-to-by-product-from-systembolaget.;successfully-enter-new-user-name-in-textbox" tests="4" failures="0" skipped="4">
        <properties>
            <property name="URI" value="C:/Users/DellXPS/Desktop/systemBolaget-2019/features/Registrationform.feature">
            </property>
        </properties>
        <testcase name="Given that I am in signup page" classname="as-a-user,-i-should-be-able-to-register-my-account-into-the-localhost-to-by-product-from-systembolaget.;successfully-enter-new-user-name-in-textbox">
            <skipped message="">
            </skipped>
        </testcase>
        <testcase name="When I  enter  new name on textbox" classname="as-a-user,-i-should-be-able-to-register-my-account-into-the-localhost-to-by-product-from-systembolaget.;successfully-enter-new-user-name-in-textbox">
            <skipped message="">
            </skipped>
        </testcase>
        <testcase name="When I  enter new password on textbox" classname="as-a-user,-i-should-be-able-to-register-my-account-into-the-localhost-to-by-product-from-systembolaget.;successfully-enter-new-user-name-in-textbox">
            <skipped message="">
            </skipped>
        </testcase>
        <testcase name="Then new userpassword are enter Successfully." classname="as-a-user,-i-should-be-able-to-register-my-account-into-the-localhost-to-by-product-from-systembolaget.;successfully-enter-new-user-name-in-textbox">
            <skipped message="">
            </skipped>
        </testcase>
    </testsuite>
    <testsuite name="as-a-user,-i-should-be-able-to-register-my-account-into-the-localhost-to-by-product-from-systembolaget.;successfully-register-new--account-." tests="3" failures="0" skipped="3">
        <properties>
            <property name="URI" value="C:/Users/DellXPS/Desktop/systemBolaget-2019/features/Registrationform.feature">
            </property>
        </properties>
        <testcase name="Given Given that i am  in registration page" classname="as-a-user,-i-should-be-able-to-register-my-account-into-the-localhost-to-by-product-from-systembolaget.;successfully-register-new--account-.">
            <skipped message="">
            </skipped>
        </testcase>
        <testcase name="When I click on again register button" classname="as-a-user,-i-should-be-able-to-register-my-account-into-the-localhost-to-by-product-from-systembolaget.;successfully-register-new--account-.">
            <skipped message="">
            </skipped>
        </testcase>
        <testcase name="Then new registration should be Successfully" classname="as-a-user,-i-should-be-able-to-register-my-account-into-the-localhost-to-by-product-from-systembolaget.;successfully-register-new--account-.">
            <skipped message="">
            </skipped>
        </testcase>
    </testsuite>
    <testsuite name="as-a-user,-i-should-be-able-to-remove-a-product-from-my-shopping-cart.;successfully-remove-a-product-from-the-shopping-cart" tests="3" failures="1" skipped="2">
        <properties>
            <property name="URI" value="C:/Users/DellXPS/Desktop/systemBolaget-2019/features/removeproduct.feature">
            </property>
        </properties>
        <testcase name="Given that product is already in the shopping cart" classname="as-a-user,-i-should-be-able-to-remove-a-product-from-my-shopping-cart.;successfully-remove-a-product-from-the-shopping-cart" time="3.0094888">
            <failure message="TypeError: Cannot read property &apos;sendKeys&apos; of null">TypeError: Cannot read property &apos;sendKeys&apos; of null
    at createWorld.&lt;anonymous&gt; (C:\Users\DellXPS\Desktop\systemBolaget-2019\step-definitions\removeproduct.js:7:21)
    at processTicksAndRejections (internal/process/next_tick.js:81:5)</failure>
        </testcase>
        <testcase name="When I click on the remove button in the shopping cart" classname="as-a-user,-i-should-be-able-to-remove-a-product-from-my-shopping-cart.;successfully-remove-a-product-from-the-shopping-cart">
            <skipped message="">
            </skipped>
        </testcase>
        <testcase name="Then It should be removed from the shopping cart" classname="as-a-user,-i-should-be-able-to-remove-a-product-from-my-shopping-cart.;successfully-remove-a-product-from-the-shopping-cart">
            <skipped message="">
            </skipped>
        </testcase>
    </testsuite>
    <testsuite name="as-a-user,-i-should-be-able-to-remove-a-product-from-my-shopping-cart.;successfully-remove-several-different-products-from-the-shopping-cart" tests="3" failures="0" skipped="3">
        <properties>
            <property name="URI" value="C:/Users/DellXPS/Desktop/systemBolaget-2019/features/removeproduct.feature">
            </property>
        </properties>
        <testcase name="Given that there are several different products in the shopping cart" classname="as-a-user,-i-should-be-able-to-remove-a-product-from-my-shopping-cart.;successfully-remove-several-different-products-from-the-shopping-cart">
            <skipped message="">
            </skipped>
        </testcase>
        <testcase name="When I click on remove-button for each product" classname="as-a-user,-i-should-be-able-to-remove-a-product-from-my-shopping-cart.;successfully-remove-several-different-products-from-the-shopping-cart">
            <skipped message="">
            </skipped>
        </testcase>
        <testcase name="Then products should be removed from the shopping cart" classname="as-a-user,-i-should-be-able-to-remove-a-product-from-my-shopping-cart.;successfully-remove-several-different-products-from-the-shopping-cart">
            <skipped message="">
            </skipped>
        </testcase>
    </testsuite>
    <testsuite name="as-a-user,-i-should-be-able-to-search-for-a-product-so-that-i-can-find-it-easily.;successfully-search-for-products-by-properties." tests="3" failures="0" skipped="3">
        <properties>
            <property name="URI" value="C:/Users/DellXPS/Desktop/systemBolaget-2019/features/searchforproduct.feature">
            </property>
        </properties>
        <testcase name="Given that i am searching by a partial or full name." classname="as-a-user,-i-should-be-able-to-search-for-a-product-so-that-i-can-find-it-easily.;successfully-search-for-products-by-properties.">
            <skipped message="">
            </skipped>
        </testcase>
        <testcase name="When I search for names or partial names that exist" classname="as-a-user,-i-should-be-able-to-search-for-a-product-so-that-i-can-find-it-easily.;successfully-search-for-products-by-properties.">
            <skipped message="">
            </skipped>
        </testcase>
        <testcase name="Then i should get a list of products with names that matches the properties" classname="as-a-user,-i-should-be-able-to-search-for-a-product-so-that-i-can-find-it-easily.;successfully-search-for-products-by-properties.">
            <skipped message="">
            </skipped>
        </testcase>
    </testsuite>
    <testsuite name="as-a-user,-i-should-be-able-to-search-for-a-product-so-that-i-can-find-it-easily.;unsuccessfully-search-for-products-by-properties." tests="3" failures="0" skipped="3">
        <properties>
            <property name="URI" value="C:/Users/DellXPS/Desktop/systemBolaget-2019/features/searchforproduct.feature">
            </property>
        </properties>
        <testcase name="Given that i am searching by a partial or full name." classname="as-a-user,-i-should-be-able-to-search-for-a-product-so-that-i-can-find-it-easily.;unsuccessfully-search-for-products-by-properties.">
            <skipped message="">
            </skipped>
        </testcase>
        <testcase name="When I search for names or partial names that does not exist" classname="as-a-user,-i-should-be-able-to-search-for-a-product-so-that-i-can-find-it-easily.;unsuccessfully-search-for-products-by-properties.">
            <skipped message="">
            </skipped>
        </testcase>
        <testcase name="Then i should get no products found back" classname="as-a-user,-i-should-be-able-to-search-for-a-product-so-that-i-can-find-it-easily.;unsuccessfully-search-for-products-by-properties.">
            <skipped message="">
            </skipped>
        </testcase>
    </testsuite>
    <testsuite name="as-a-user,-i-should-be-able-to-shut-down-the-browser-and-reopen-it-with-the-same-shopping-cart.;successfully-be-able-to-reopen-with-the-same-shopping-cart-even-if-browser-is-shut-down" tests="4" failures="1" skipped="3">
        <properties>
            <property name="URI" value="C:/Users/DellXPS/Desktop/systemBolaget-2019/features/shutbrowser.feature">
            </property>
        </properties>
        <testcase name="Given that I already have products in my cart" classname="as-a-user,-i-should-be-able-to-shut-down-the-browser-and-reopen-it-with-the-same-shopping-cart.;successfully-be-able-to-reopen-with-the-same-shopping-cart-even-if-browser-is-shut-down" time="0.000171325">
            <failure message="ReferenceError: app is not defined">ReferenceError: app is not defined
    at createWorld.&lt;anonymous&gt; (C:\Users\DellXPS\Desktop\systemBolaget-2019\step-definitions\shutbrowser.js:21:12)
    at processTicksAndRejections (internal/process/next_tick.js:74:9)</failure>
        </testcase>
        <testcase name="When I click on close-button in my browser" classname="as-a-user,-i-should-be-able-to-shut-down-the-browser-and-reopen-it-with-the-same-shopping-cart.;successfully-be-able-to-reopen-with-the-same-shopping-cart-even-if-browser-is-shut-down">
            <skipped message="">
            </skipped>
        </testcase>
        <testcase name="And I reopen my browser" classname="as-a-user,-i-should-be-able-to-shut-down-the-browser-and-reopen-it-with-the-same-shopping-cart.;successfully-be-able-to-reopen-with-the-same-shopping-cart-even-if-browser-is-shut-down">
            <skipped message="">
            </skipped>
        </testcase>
        <testcase name="Then I should get the same shopping cart as previous" classname="as-a-user,-i-should-be-able-to-shut-down-the-browser-and-reopen-it-with-the-same-shopping-cart.;successfully-be-able-to-reopen-with-the-same-shopping-cart-even-if-browser-is-shut-down">
            <skipped message="">
            </skipped>
        </testcase>
    </testsuite>
    <testsuite name="as-a-user,-i-should-be-able-to-shut-down-the-browser-and-reopen-it-with-the-same-shopping-cart.;successfully-be-able-to-reopen-with-the-same-shopping-cart-even-if-i-refresh-the-browser" tests="3" failures="1" skipped="2">
        <properties>
            <property name="URI" value="C:/Users/DellXPS/Desktop/systemBolaget-2019/features/shutbrowser.feature">
            </property>
        </properties>
        <testcase name="Given that I already have products in my cart" classname="as-a-user,-i-should-be-able-to-shut-down-the-browser-and-reopen-it-with-the-same-shopping-cart.;successfully-be-able-to-reopen-with-the-same-shopping-cart-even-if-i-refresh-the-browser" time="0.000116454">
            <failure message="ReferenceError: app is not defined">ReferenceError: app is not defined
    at createWorld.&lt;anonymous&gt; (C:\Users\DellXPS\Desktop\systemBolaget-2019\step-definitions\shutbrowser.js:21:12)
    at processTicksAndRejections (internal/process/next_tick.js:74:9)</failure>
        </testcase>
        <testcase name="When I click the refresh-button in my browser" classname="as-a-user,-i-should-be-able-to-shut-down-the-browser-and-reopen-it-with-the-same-shopping-cart.;successfully-be-able-to-reopen-with-the-same-shopping-cart-even-if-i-refresh-the-browser">
            <skipped message="">
            </skipped>
        </testcase>
        <testcase name="Then I should get the same shopping cart as previous" classname="as-a-user,-i-should-be-able-to-shut-down-the-browser-and-reopen-it-with-the-same-shopping-cart.;successfully-be-able-to-reopen-with-the-same-shopping-cart-even-if-i-refresh-the-browser">
            <skipped message="">
            </skipped>
        </testcase>
    </testsuite>
</testsuites>