<?xml version="1.0" encoding="UTF-8"?>
<testsuites>
    <testsuite name="as-a-user,-i-must-be-able-to-make-purchases-without-registering-an-account.-(payment-is-not-made-for-real);successfully-buy-differtent-products" tests="6" failures="0" skipped="0">
        <properties>
            <property name="URI" value="C:\Users\Dindator\Desktop\systemBolaget-2019\features\purchasewithoutaccount.feature">
            </property>
        </properties>
        <testcase name="Given there are two products in the cart" classname="as-a-user,-i-must-be-able-to-make-purchases-without-registering-an-account.-(payment-is-not-made-for-real);successfully-buy-differtent-products" time="1.655814827">
        </testcase>
        <testcase name="And that I am on the web page localhost:3306/cart.html" classname="as-a-user,-i-must-be-able-to-make-purchases-without-registering-an-account.-(payment-is-not-made-for-real);successfully-buy-differtent-products" time="1.41791104">
        </testcase>
        <testcase name="When I click on checkout button" classname="as-a-user,-i-must-be-able-to-make-purchases-without-registering-an-account.-(payment-is-not-made-for-real);successfully-buy-differtent-products" time="0.315269973">
        </testcase>
        <testcase name="And I filled the form with customer detail" classname="as-a-user,-i-must-be-able-to-make-purchases-without-registering-an-account.-(payment-is-not-made-for-real);successfully-buy-differtent-products" time="9.426215254">
        </testcase>
        <testcase name="And I click on order button" classname="as-a-user,-i-must-be-able-to-make-purchases-without-registering-an-account.-(payment-is-not-made-for-real);successfully-buy-differtent-products" time="0.257316694">
        </testcase>
        <testcase name="Then It should show me ordering page" classname="as-a-user,-i-must-be-able-to-make-purchases-without-registering-an-account.-(payment-is-not-made-for-real);successfully-buy-differtent-products" time="0.000183893">
        </testcase>
    </testsuite>
</testsuites>