<?xml version="1.0" encoding="UTF-8"?>
<testsuites>
    <testsuite name="as-a-user,-i-should-be-able-to-select-different-quantities-of-a-product-to-my-shopping-cart-to-have-control-on-my-shopping.;successfully-add-1-quantity-of-products-to-the-cart." tests="3" failures="0" skipped="0">
        <properties>
            <property name="URI" value="C:\Users\sergejs.sulziks\Documents\TH\SystemBolaget2019New2\systemBolaget-2019\features\differentquantities.feature">
            </property>
        </properties>
        <testcase name="Given the product is available in the shop" classname="as-a-user,-i-should-be-able-to-select-different-quantities-of-a-product-to-my-shopping-cart-to-have-control-on-my-shopping.;successfully-add-1-quantity-of-products-to-the-cart." time="0.000518796">
        </testcase>
        <testcase name="When I add 1 unit of the product to the cart" classname="as-a-user,-i-should-be-able-to-select-different-quantities-of-a-product-to-my-shopping-cart-to-have-control-on-my-shopping.;successfully-add-1-quantity-of-products-to-the-cart." time="0.000128">
        </testcase>
        <testcase name="Then it should be added 1 unit to the cart" classname="as-a-user,-i-should-be-able-to-select-different-quantities-of-a-product-to-my-shopping-cart-to-have-control-on-my-shopping.;successfully-add-1-quantity-of-products-to-the-cart." time="0.000078159">
        </testcase>
    </testsuite>
    <testsuite name="as-a-user,-i-should-be-able-to-select-different-quantities-of-a-product-to-my-shopping-cart-to-have-control-on-my-shopping.;successfully-add-2-quantities-of-product-to-the-cart." tests="3" failures="0" skipped="0">
        <properties>
            <property name="URI" value="C:\Users\sergejs.sulziks\Documents\TH\SystemBolaget2019New2\systemBolaget-2019\features\differentquantities.feature">
            </property>
        </properties>
        <testcase name="Given the product is available in the shop" classname="as-a-user,-i-should-be-able-to-select-different-quantities-of-a-product-to-my-shopping-cart-to-have-control-on-my-shopping.;successfully-add-2-quantities-of-product-to-the-cart." time="0.000167268">
        </testcase>
        <testcase name="When I add 2 units of the product to the cart" classname="as-a-user,-i-should-be-able-to-select-different-quantities-of-a-product-to-my-shopping-cart-to-have-control-on-my-shopping.;successfully-add-2-quantities-of-product-to-the-cart." time="0.000534277">
        </testcase>
        <testcase name="Then it should be added 2 units to the cart" classname="as-a-user,-i-should-be-able-to-select-different-quantities-of-a-product-to-my-shopping-cart-to-have-control-on-my-shopping.;successfully-add-2-quantities-of-product-to-the-cart." time="0.000317168">
        </testcase>
    </testsuite>
    <testsuite name="as-a-user,-i-should-be-able-to-select-different-quantities-of-a-product-to-my-shopping-cart-to-have-control-on-my-shopping.;should-not-be-able-to-add-0-quantity-of-product-to-the-cart." tests="3" failures="0" skipped="0">
        <properties>
            <property name="URI" value="C:\Users\sergejs.sulziks\Documents\TH\SystemBolaget2019New2\systemBolaget-2019\features\differentquantities.feature">
            </property>
        </properties>
        <testcase name="Given the product is available in the shop" classname="as-a-user,-i-should-be-able-to-select-different-quantities-of-a-product-to-my-shopping-cart-to-have-control-on-my-shopping.;should-not-be-able-to-add-0-quantity-of-product-to-the-cart." time="0.000114785">
        </testcase>
        <testcase name="When I add 0 units of the product to the cart" classname="as-a-user,-i-should-be-able-to-select-different-quantities-of-a-product-to-my-shopping-cart-to-have-control-on-my-shopping.;should-not-be-able-to-add-0-quantity-of-product-to-the-cart." time="0.000400235">
        </testcase>
        <testcase name="Then it should not be added to the cart" classname="as-a-user,-i-should-be-able-to-select-different-quantities-of-a-product-to-my-shopping-cart-to-have-control-on-my-shopping.;should-not-be-able-to-add-0-quantity-of-product-to-the-cart." time="0.000240519">
        </testcase>
    </testsuite>
</testsuites>