<?xml version="1.0" encoding="UTF-8"?>
<testsuites>
    <testsuite name="as-a-user,-i-should-be-able-to-see-an-overview-of-the-shopping-cart-/-its-contents.;successfully-overview-the-shopping-cart" tests="3" failures="0" skipped="0">
        <properties>
            <property name="URI" value="/Users/Bahram/Desktop/systemBolaget-2019/features/overviewofcart.feature">
            </property>
        </properties>
        <testcase name="Given that I have already products in the cart" classname="as-a-user,-i-should-be-able-to-see-an-overview-of-the-shopping-cart-/-its-contents.;successfully-overview-the-shopping-cart" time="0.001011953">
        </testcase>
        <testcase name="When I enter the cart" classname="as-a-user,-i-should-be-able-to-see-an-overview-of-the-shopping-cart-/-its-contents.;successfully-overview-the-shopping-cart" time="0.000166438">
        </testcase>
        <testcase name="Then I can see all the products in the cart and their details" classname="as-a-user,-i-should-be-able-to-see-an-overview-of-the-shopping-cart-/-its-contents.;successfully-overview-the-shopping-cart" time="0.000194457">
        </testcase>
    </testsuite>
    <testsuite name="as-a-user,-i-should-be-able-to-see-an-overview-of-the-shopping-cart-/-its-contents.;successfully-overview-the-total-price-of-the-products" tests="3" failures="0" skipped="0">
        <properties>
            <property name="URI" value="/Users/Bahram/Desktop/systemBolaget-2019/features/overviewofcart.feature">
            </property>
        </properties>
        <testcase name="Given that I have already products in the cart" classname="as-a-user,-i-should-be-able-to-see-an-overview-of-the-shopping-cart-/-its-contents.;successfully-overview-the-total-price-of-the-products" time="0.000068436">
        </testcase>
        <testcase name="When I enter the cart" classname="as-a-user,-i-should-be-able-to-see-an-overview-of-the-shopping-cart-/-its-contents.;successfully-overview-the-total-price-of-the-products" time="0.000054814">
        </testcase>
        <testcase name="Then show the total price of products in the cart" classname="as-a-user,-i-should-be-able-to-see-an-overview-of-the-shopping-cart-/-its-contents.;successfully-overview-the-total-price-of-the-products" time="0.00038445">
        </testcase>
    </testsuite>
</testsuites>