<?xml version="1.0" encoding="UTF-8"?>
<testsuites>
    <testsuite name="as-a-user,-i-should-be-able-to-search-for-a-product-so-that-i-can-find-it-easily.;successfully-search-for-products-by-namn." tests="4" failures="0" skipped="3">
        <properties>
            <property name="URI" value="C:\Users\shiji\Desktop\systemBolaget-2019\features\searchforproduct.feature">
            </property>
        </properties>
        <testcase name="Given that i am searching by a partial or full namn." classname="as-a-user,-i-should-be-able-to-search-for-a-product-so-that-i-can-find-it-easily.;successfully-search-for-products-by-namn." time="0.6705899">
        </testcase>
        <testcase name="When I search for the product" classname="as-a-user,-i-should-be-able-to-search-for-a-product-so-that-i-can-find-it-easily.;successfully-search-for-products-by-namn.">
            <skipped message="">
            </skipped>
        </testcase>
        <testcase name="Then i should get a list of products with names that matches the properties" classname="as-a-user,-i-should-be-able-to-search-for-a-product-so-that-i-can-find-it-easily.;successfully-search-for-products-by-namn.">
            <skipped message="">
            </skipped>
        </testcase>
        <testcase name="And if no products found it should say no products found" classname="as-a-user,-i-should-be-able-to-search-for-a-product-so-that-i-can-find-it-easily.;successfully-search-for-products-by-namn.">
            <skipped message="">
            </skipped>
        </testcase>
    </testsuite>
</testsuites>