<?xml version="1.0" encoding="UTF-8"?>
<testsuites>
    <testsuite name="as-a-user,-i-should-be-able-to-add-the-selected-product-into-the-shopping-cart-to-be-able-to-buy-the-product;successfully-add-a-product-to-the-cart." tests="3" failures="0" skipped="0">
        <properties>
            <property name="URI" value="C:\Users\Emilb\Desktop\SystemBolaget-2019-New\systemBolaget-2019\features\addtocart.feature">
            </property>
        </properties>
        <testcase name="Given that a product is available in the shop" classname="as-a-user,-i-should-be-able-to-add-the-selected-product-into-the-shopping-cart-to-be-able-to-buy-the-product;successfully-add-a-product-to-the-cart." time="0.33546679">
        </testcase>
        <testcase name="When I add the product to cart" classname="as-a-user,-i-should-be-able-to-add-the-selected-product-into-the-shopping-cart-to-be-able-to-buy-the-product;successfully-add-a-product-to-the-cart." time="0.000307092">
        </testcase>
        <testcase name="Then it should be added to the cart" classname="as-a-user,-i-should-be-able-to-add-the-selected-product-into-the-shopping-cart-to-be-able-to-buy-the-product;successfully-add-a-product-to-the-cart." time="0.00101908">
        </testcase>
    </testsuite>
    <testsuite name="as-a-user,-i-should-be-able-to-add-the-selected-product-into-the-shopping-cart-to-be-able-to-buy-the-product;successfully-add-at-least-two-different-products-to-the-cart." tests="4" failures="0" skipped="0">
        <properties>
            <property name="URI" value="C:\Users\Emilb\Desktop\SystemBolaget-2019-New\systemBolaget-2019\features\addtocart.feature">
            </property>
        </properties>
        <testcase name="Given that a products are available in the shop" classname="as-a-user,-i-should-be-able-to-add-the-selected-product-into-the-shopping-cart-to-be-able-to-buy-the-product;successfully-add-at-least-two-different-products-to-the-cart." time="0.349184701">
        </testcase>
        <testcase name="When I add one product into the cart" classname="as-a-user,-i-should-be-able-to-add-the-selected-product-into-the-shopping-cart-to-be-able-to-buy-the-product;successfully-add-at-least-two-different-products-to-the-cart." time="0.000341289">
        </testcase>
        <testcase name="And i add one other product to the cart" classname="as-a-user,-i-should-be-able-to-add-the-selected-product-into-the-shopping-cart-to-be-able-to-buy-the-product;successfully-add-at-least-two-different-products-to-the-cart." time="0.000261951">
        </testcase>
        <testcase name="Then the two different products should be added to the cart" classname="as-a-user,-i-should-be-able-to-add-the-selected-product-into-the-shopping-cart-to-be-able-to-buy-the-product;successfully-add-at-least-two-different-products-to-the-cart." time="0.000333766">
        </testcase>
    </testsuite>
    <testsuite name="as-a-user,-i-should-be-able-to-add-the-selected-product-into-the-shopping-cart-to-be-able-to-buy-the-product;out-of-products" tests="3" failures="0" skipped="0">
        <properties>
            <property name="URI" value="C:\Users\Emilb\Desktop\SystemBolaget-2019-New\systemBolaget-2019\features\addtocart.feature">
            </property>
        </properties>
        <testcase name="Given that there is a product that is out of stock" classname="as-a-user,-i-should-be-able-to-add-the-selected-product-into-the-shopping-cart-to-be-able-to-buy-the-product;out-of-products" time="0.000601872">
        </testcase>
        <testcase name="When I try to add that product" classname="as-a-user,-i-should-be-able-to-add-the-selected-product-into-the-shopping-cart-to-be-able-to-buy-the-product;out-of-products" time="0.000566308">
        </testcase>
        <testcase name="Then page should say &apos;Out of stock&apos;" classname="as-a-user,-i-should-be-able-to-add-the-selected-product-into-the-shopping-cart-to-be-able-to-buy-the-product;out-of-products" time="0.000242117">
        </testcase>
    </testsuite>
</testsuites>